2022-12-01 17:10:02,409 INFO o.a.j.u.JMeterUtils: Setting Locale to en_EN
2022-12-01 17:10:02,441 INFO o.a.j.JMeter: Loading user properties from: /Users/marcopet/dev/tools/JMeter5/apache-jmeter-5.5-SNAPSHOT/bin/user.properties
2022-12-01 17:10:02,442 INFO o.a.j.JMeter: Loading system properties from: /Users/marcopet/dev/tools/JMeter5/apache-jmeter-5.5-SNAPSHOT/bin/system.properties
2022-12-01 17:10:02,449 INFO o.a.j.JMeter: Copyright (c) 1998-2021 The Apache Software Foundation
2022-12-01 17:10:02,449 INFO o.a.j.JMeter: Version 5.5-SNAPSHOT 659c1ff
2022-12-01 17:10:02,449 INFO o.a.j.JMeter: java.version=16.0.2
2022-12-01 17:10:02,449 INFO o.a.j.JMeter: java.vm.name=Java HotSpot(TM) 64-Bit Server VM
2022-12-01 17:10:02,449 INFO o.a.j.JMeter: os.name=Mac OS X
2022-12-01 17:10:02,450 INFO o.a.j.JMeter: os.arch=x86_64
2022-12-01 17:10:02,450 INFO o.a.j.JMeter: os.version=11.5
2022-12-01 17:10:02,450 INFO o.a.j.JMeter: file.encoding=UTF-8
2022-12-01 17:10:02,450 INFO o.a.j.JMeter: java.awt.headless=null
2022-12-01 17:10:02,450 INFO o.a.j.JMeter: Max memory     =1073741824
2022-12-01 17:10:02,450 INFO o.a.j.JMeter: Available Processors =16
2022-12-01 17:10:02,460 INFO o.a.j.JMeter: Default Locale=English (EN)
2022-12-01 17:10:02,461 INFO o.a.j.JMeter: JMeter  Locale=English (EN)
2022-12-01 17:10:02,461 INFO o.a.j.JMeter: JMeterHome=/Users/marcopet/dev/tools/JMeter5/apache-jmeter-5.5-SNAPSHOT
2022-12-01 17:10:02,461 INFO o.a.j.JMeter: user.dir  =/Users/marcopet/dev/marcopeg/amazing-postgres/projects/firebase-pushid
2022-12-01 17:10:02,461 INFO o.a.j.JMeter: PWD       =/Users/marcopet/dev/marcopeg/amazing-postgres/projects/firebase-pushid
2022-12-01 17:10:02,462 INFO o.a.j.JMeter: IP: 127.0.0.1 Name: Marcos-MacBook-Pro.local FullName: localhost
2022-12-01 17:10:03,022 INFO o.a.j.JMeter: Setting LAF to: laf:com.apple.laf.AquaLookAndFeel
2022-12-01 17:10:04,161 INFO o.a.j.JMeter: Loaded icon properties from org/apache/jmeter/images/icon.properties
2022-12-01 17:10:15,688 INFO o.a.j.s.FileServer: Default base='/Users/marcopet/dev/marcopeg/amazing-postgres/projects/firebase-pushid'
2022-12-01 17:10:15,692 INFO o.a.j.g.a.Load: Loading file: /Users/marcopet/dev/marcopeg/amazing-postgres/projects/firebase-pushid/jmeter/pushid.jmx
2022-12-01 17:10:15,692 INFO o.a.j.s.FileServer: Set new base='/Users/marcopet/dev/marcopeg/amazing-postgres/projects/firebase-pushid/jmeter'
2022-12-01 17:10:15,866 INFO o.a.j.s.SaveService: Testplan (JMX) version: 2.2. Testlog (JTL) version: 2.2
2022-12-01 17:10:15,888 INFO o.a.j.s.SaveService: Using SaveService properties version 5.0
2022-12-01 17:10:15,889 INFO o.a.j.s.SaveService: Using SaveService properties file encoding UTF-8
2022-12-01 17:10:15,890 INFO o.a.j.s.SaveService: Loading file: /Users/marcopet/dev/marcopeg/amazing-postgres/projects/firebase-pushid/jmeter/pushid.jmx
2022-12-01 17:10:16,074 INFO o.a.j.s.SampleResult: Note: Sample TimeStamps are START times
2022-12-01 17:10:16,074 INFO o.a.j.s.SampleResult: sampleresult.default.encoding is set to ISO-8859-1
2022-12-01 17:10:16,075 INFO o.a.j.s.SampleResult: sampleresult.useNanoTime=true
2022-12-01 17:10:16,075 INFO o.a.j.s.SampleResult: sampleresult.nanoThreadSleep=5000
2022-12-01 17:10:16,209 INFO o.a.j.v.ViewResultsFullVisualizer: Add JavaFX to your Java installation if you want to use renderer: org.apache.jmeter.visualizers.RenderInBrowser
2022-12-01 17:10:16,259 INFO o.a.j.s.FileServer: Set new base='/Users/marcopet/dev/marcopeg/amazing-postgres/projects/firebase-pushid/jmeter'
2022-12-01 17:11:29,324 INFO o.a.j.e.StandardJMeterEngine: Running the test!
2022-12-01 17:11:29,326 INFO o.a.j.s.SampleEvent: List of sample_variables: []
2022-12-01 17:11:29,326 INFO o.a.j.s.SampleEvent: List of sample_variables: []
2022-12-01 17:11:29,327 INFO o.a.j.e.u.CompoundVariable: Note: Function class names must contain the string: '.functions.'
2022-12-01 17:11:29,327 INFO o.a.j.e.u.CompoundVariable: Note: Function class names must not contain the string: '.gui.'
2022-12-01 17:11:29,353 INFO o.a.j.g.u.JMeterMenuBar: setRunning(true, *local*)
2022-12-01 17:11:29,354 INFO o.a.j.e.StandardJMeterEngine: Starting setUp thread groups
2022-12-01 17:11:29,354 INFO o.a.j.e.StandardJMeterEngine: Starting setUp ThreadGroup: 1 : setUp Thread Group 
2022-12-01 17:11:29,354 INFO o.a.j.e.StandardJMeterEngine: Starting 1 threads for group setUp Thread Group.
2022-12-01 17:11:29,355 INFO o.a.j.e.StandardJMeterEngine: Thread will continue on error
2022-12-01 17:11:29,355 INFO o.a.j.t.ThreadGroup: Starting thread group... number=1 threads=1 ramp-up=1 delayedStart=false
2022-12-01 17:11:29,356 INFO o.a.j.t.ThreadGroup: Started thread group number 1
2022-12-01 17:11:29,356 INFO o.a.j.e.StandardJMeterEngine: Waiting for all setup thread groups to exit
2022-12-01 17:11:29,357 INFO o.a.j.t.JMeterThread: Thread started: setUp Thread Group 1-1
2022-12-01 17:11:29,663 INFO o.a.j.t.JMeterThread: Thread is done: setUp Thread Group 1-1
2022-12-01 17:11:29,663 INFO o.a.j.t.JMeterThread: Thread finished: setUp Thread Group 1-1
2022-12-01 17:11:29,663 INFO o.a.j.e.StandardJMeterEngine: All Setup Threads have ended
2022-12-01 17:11:29,697 INFO o.a.j.e.StandardJMeterEngine: No enabled thread groups found
2022-12-01 17:11:29,697 INFO o.a.j.e.StandardJMeterEngine: Notifying test listeners of end of test
2022-12-01 17:11:29,698 INFO o.a.j.g.u.JMeterMenuBar: setRunning(false, *local*)
2022-12-01 17:12:00,689 INFO o.a.j.e.StandardJMeterEngine: Running the test!
2022-12-01 17:12:00,690 INFO o.a.j.s.SampleEvent: List of sample_variables: []
2022-12-01 17:12:00,691 INFO o.a.j.g.u.JMeterMenuBar: setRunning(true, *local*)
2022-12-01 17:12:00,692 INFO o.a.j.e.StandardJMeterEngine: Starting setUp thread groups
2022-12-01 17:12:00,692 INFO o.a.j.e.StandardJMeterEngine: Starting setUp ThreadGroup: 1 : setUp Thread Group 
2022-12-01 17:12:00,692 INFO o.a.j.e.StandardJMeterEngine: Starting 1 threads for group setUp Thread Group.
2022-12-01 17:12:00,693 INFO o.a.j.e.StandardJMeterEngine: Thread will continue on error
2022-12-01 17:12:00,693 INFO o.a.j.t.ThreadGroup: Starting thread group... number=1 threads=1 ramp-up=1 delayedStart=false
2022-12-01 17:12:00,693 INFO o.a.j.t.ThreadGroup: Started thread group number 1
2022-12-01 17:12:00,693 INFO o.a.j.e.StandardJMeterEngine: Waiting for all setup thread groups to exit
2022-12-01 17:12:00,693 INFO o.a.j.t.JMeterThread: Thread started: setUp Thread Group 1-1
2022-12-01 17:12:00,817 INFO o.a.j.t.JMeterThread: Thread is done: setUp Thread Group 1-1
2022-12-01 17:12:00,817 INFO o.a.j.t.JMeterThread: Thread finished: setUp Thread Group 1-1
2022-12-01 17:12:00,818 INFO o.a.j.e.StandardJMeterEngine: All Setup Threads have ended
2022-12-01 17:12:00,851 INFO o.a.j.e.StandardJMeterEngine: Starting ThreadGroup: 1 : PushID (ms) - stateless
2022-12-01 17:12:00,852 INFO o.a.j.e.StandardJMeterEngine: Starting 1 threads for group PushID (ms) - stateless.
2022-12-01 17:12:00,852 INFO o.a.j.e.StandardJMeterEngine: Thread will continue on error
2022-12-01 17:12:00,852 INFO o.a.j.t.ThreadGroup: Starting thread group... number=1 threads=1 ramp-up=1 delayedStart=false
2022-12-01 17:12:00,852 INFO o.a.j.t.ThreadGroup: Started thread group number 1
2022-12-01 17:12:00,852 INFO o.a.j.e.StandardJMeterEngine: All thread groups have been started
2022-12-01 17:12:00,852 INFO o.a.j.t.JMeterThread: Thread started: PushID (ms) - stateless 1-1
2022-12-01 17:12:00,943 INFO o.a.j.t.JMeterThread: Thread is done: PushID (ms) - stateless 1-1
2022-12-01 17:12:00,943 INFO o.a.j.t.JMeterThread: Thread finished: PushID (ms) - stateless 1-1
2022-12-01 17:12:00,944 INFO o.a.j.e.StandardJMeterEngine: Notifying test listeners of end of test
2022-12-01 17:12:00,944 INFO o.a.j.g.u.JMeterMenuBar: setRunning(false, *local*)
2022-12-01 17:12:29,139 INFO o.a.j.e.StandardJMeterEngine: Running the test!
2022-12-01 17:12:29,140 INFO o.a.j.s.SampleEvent: List of sample_variables: []
2022-12-01 17:12:29,143 INFO o.a.j.g.u.JMeterMenuBar: setRunning(true, *local*)
2022-12-01 17:12:29,143 INFO o.a.j.e.StandardJMeterEngine: Starting setUp thread groups
2022-12-01 17:12:29,144 INFO o.a.j.e.StandardJMeterEngine: Starting setUp ThreadGroup: 1 : setUp Thread Group 
2022-12-01 17:12:29,144 INFO o.a.j.e.StandardJMeterEngine: Starting 1 threads for group setUp Thread Group.
2022-12-01 17:12:29,144 INFO o.a.j.e.StandardJMeterEngine: Thread will continue on error
2022-12-01 17:12:29,144 INFO o.a.j.t.ThreadGroup: Starting thread group... number=1 threads=1 ramp-up=1 delayedStart=false
2022-12-01 17:12:29,144 INFO o.a.j.t.ThreadGroup: Started thread group number 1
2022-12-01 17:12:29,144 INFO o.a.j.e.StandardJMeterEngine: Waiting for all setup thread groups to exit
2022-12-01 17:12:29,144 INFO o.a.j.t.JMeterThread: Thread started: setUp Thread Group 1-1
2022-12-01 17:12:29,224 INFO o.a.j.t.JMeterThread: Thread is done: setUp Thread Group 1-1
2022-12-01 17:12:29,224 INFO o.a.j.t.JMeterThread: Thread finished: setUp Thread Group 1-1
2022-12-01 17:12:29,224 INFO o.a.j.e.StandardJMeterEngine: All Setup Threads have ended
2022-12-01 17:12:29,249 INFO o.a.j.e.StandardJMeterEngine: Starting ThreadGroup: 1 : PushID (ms) - stateless
2022-12-01 17:12:29,249 INFO o.a.j.e.StandardJMeterEngine: Starting 50 threads for group PushID (ms) - stateless.
2022-12-01 17:12:29,249 INFO o.a.j.e.StandardJMeterEngine: Thread will continue on error
2022-12-01 17:12:29,249 INFO o.a.j.t.ThreadGroup: Starting thread group... number=1 threads=50 ramp-up=1 delayedStart=false
2022-12-01 17:12:29,249 INFO o.a.j.t.JMeterThread: Thread started: PushID (ms) - stateless 1-1
2022-12-01 17:12:29,257 INFO o.a.j.t.ThreadGroup: Started thread group number 1
2022-12-01 17:12:29,257 INFO o.a.j.e.StandardJMeterEngine: All thread groups have been started
2022-12-01 17:12:29,273 INFO o.a.j.t.JMeterThread: Thread started: PushID (ms) - stateless 1-2
2022-12-01 17:12:29,292 INFO o.a.j.t.JMeterThread: Thread started: PushID (ms) - stateless 1-3
2022-12-01 17:12:29,311 INFO o.a.j.t.JMeterThread: Thread started: PushID (ms) - stateless 1-4
2022-12-01 17:12:29,333 INFO o.a.j.t.JMeterThread: Thread started: PushID (ms) - stateless 1-5
2022-12-01 17:12:29,353 INFO o.a.j.t.JMeterThread: Thread started: PushID (ms) - stateless 1-6
2022-12-01 17:12:29,369 INFO o.a.j.t.JMeterThread: Thread started: PushID (ms) - stateless 1-7
2022-12-01 17:12:29,393 INFO o.a.j.t.JMeterThread: Thread started: PushID (ms) - stateless 1-8
2022-12-01 17:12:29,413 INFO o.a.j.t.JMeterThread: Thread started: PushID (ms) - stateless 1-9
2022-12-01 17:12:29,434 INFO o.a.j.t.JMeterThread: Thread started: PushID (ms) - stateless 1-10
2022-12-01 17:12:29,453 INFO o.a.j.t.JMeterThread: Thread started: PushID (ms) - stateless 1-11
2022-12-01 17:12:29,474 INFO o.a.j.t.JMeterThread: Thread started: PushID (ms) - stateless 1-12
2022-12-01 17:12:29,494 INFO o.a.j.t.JMeterThread: Thread started: PushID (ms) - stateless 1-13
2022-12-01 17:12:29,514 INFO o.a.j.t.JMeterThread: Thread started: PushID (ms) - stateless 1-14
2022-12-01 17:12:29,531 INFO o.a.j.t.JMeterThread: Thread started: PushID (ms) - stateless 1-15
2022-12-01 17:12:29,554 INFO o.a.j.t.JMeterThread: Thread started: PushID (ms) - stateless 1-16
2022-12-01 17:12:29,570 INFO o.a.j.t.JMeterThread: Thread started: PushID (ms) - stateless 1-17
2022-12-01 17:12:29,592 INFO o.a.j.t.JMeterThread: Thread started: PushID (ms) - stateless 1-18
2022-12-01 17:12:29,614 INFO o.a.j.t.JMeterThread: Thread started: PushID (ms) - stateless 1-19
2022-12-01 17:12:29,633 INFO o.a.j.t.JMeterThread: Thread started: PushID (ms) - stateless 1-20
2022-12-01 17:12:29,654 INFO o.a.j.t.JMeterThread: Thread started: PushID (ms) - stateless 1-21
2022-12-01 17:12:29,671 INFO o.a.j.t.JMeterThread: Thread started: PushID (ms) - stateless 1-22
2022-12-01 17:12:29,693 INFO o.a.j.t.JMeterThread: Thread started: PushID (ms) - stateless 1-23
2022-12-01 17:12:29,712 INFO o.a.j.t.JMeterThread: Thread started: PushID (ms) - stateless 1-24
2022-12-01 17:12:29,733 INFO o.a.j.t.JMeterThread: Thread started: PushID (ms) - stateless 1-25
2022-12-01 17:12:29,753 INFO o.a.j.t.JMeterThread: Thread started: PushID (ms) - stateless 1-26
2022-12-01 17:12:29,774 INFO o.a.j.t.JMeterThread: Thread started: PushID (ms) - stateless 1-27
2022-12-01 17:12:29,793 INFO o.a.j.t.JMeterThread: Thread started: PushID (ms) - stateless 1-28
2022-12-01 17:12:29,813 INFO o.a.j.t.JMeterThread: Thread started: PushID (ms) - stateless 1-29
2022-12-01 17:12:29,833 INFO o.a.j.t.JMeterThread: Thread started: PushID (ms) - stateless 1-30
2022-12-01 17:12:29,854 INFO o.a.j.t.JMeterThread: Thread started: PushID (ms) - stateless 1-31
2022-12-01 17:12:29,874 INFO o.a.j.t.JMeterThread: Thread started: PushID (ms) - stateless 1-32
2022-12-01 17:12:29,894 INFO o.a.j.t.JMeterThread: Thread started: PushID (ms) - stateless 1-33
2022-12-01 17:12:29,915 INFO o.a.j.t.JMeterThread: Thread started: PushID (ms) - stateless 1-34
2022-12-01 17:12:29,933 INFO o.a.j.t.JMeterThread: Thread started: PushID (ms) - stateless 1-35
2022-12-01 17:12:29,953 INFO o.a.j.t.JMeterThread: Thread started: PushID (ms) - stateless 1-36
2022-12-01 17:12:29,969 INFO o.a.j.t.JMeterThread: Thread started: PushID (ms) - stateless 1-37
2022-12-01 17:12:29,993 INFO o.a.j.t.JMeterThread: Thread started: PushID (ms) - stateless 1-38
2022-12-01 17:12:30,015 INFO o.a.j.t.JMeterThread: Thread started: PushID (ms) - stateless 1-39
2022-12-01 17:12:30,031 INFO o.a.j.t.JMeterThread: Thread started: PushID (ms) - stateless 1-40
2022-12-01 17:12:30,053 INFO o.a.j.t.JMeterThread: Thread started: PushID (ms) - stateless 1-41
2022-12-01 17:12:30,072 INFO o.a.j.t.JMeterThread: Thread started: PushID (ms) - stateless 1-42
2022-12-01 17:12:30,092 INFO o.a.j.t.JMeterThread: Thread started: PushID (ms) - stateless 1-43
2022-12-01 17:12:30,113 INFO o.a.j.t.JMeterThread: Thread started: PushID (ms) - stateless 1-44
2022-12-01 17:12:30,133 INFO o.a.j.t.JMeterThread: Thread started: PushID (ms) - stateless 1-45
2022-12-01 17:12:30,154 INFO o.a.j.t.JMeterThread: Thread started: PushID (ms) - stateless 1-46
2022-12-01 17:12:30,170 INFO o.a.j.t.JMeterThread: Thread started: PushID (ms) - stateless 1-47
2022-12-01 17:12:30,195 INFO o.a.j.t.JMeterThread: Thread started: PushID (ms) - stateless 1-48
2022-12-01 17:12:30,209 INFO o.a.j.t.JMeterThread: Thread started: PushID (ms) - stateless 1-49
2022-12-01 17:12:30,232 INFO o.a.j.t.JMeterThread: Thread started: PushID (ms) - stateless 1-50
2022-12-01 17:14:03,893 INFO o.a.j.t.JMeterThread: Thread is done: PushID (ms) - stateless 1-17
2022-12-01 17:14:03,895 INFO o.a.j.t.JMeterThread: Thread finished: PushID (ms) - stateless 1-17
2022-12-01 17:14:04,357 INFO o.a.j.t.JMeterThread: Thread is done: PushID (ms) - stateless 1-33
2022-12-01 17:14:04,357 INFO o.a.j.t.JMeterThread: Thread finished: PushID (ms) - stateless 1-33
2022-12-01 17:14:04,919 INFO o.a.j.t.JMeterThread: Thread is done: PushID (ms) - stateless 1-25
2022-12-01 17:14:04,919 INFO o.a.j.t.JMeterThread: Thread finished: PushID (ms) - stateless 1-25
2022-12-01 17:14:05,530 INFO o.a.j.t.JMeterThread: Thread is done: PushID (ms) - stateless 1-7
2022-12-01 17:14:05,530 INFO o.a.j.t.JMeterThread: Thread finished: PushID (ms) - stateless 1-7
2022-12-01 17:14:06,375 INFO o.a.j.t.JMeterThread: Thread is done: PushID (ms) - stateless 1-38
2022-12-01 17:14:06,375 INFO o.a.j.t.JMeterThread: Thread finished: PushID (ms) - stateless 1-38
2022-12-01 17:14:06,607 INFO o.a.j.t.JMeterThread: Thread is done: PushID (ms) - stateless 1-6
2022-12-01 17:14:06,607 INFO o.a.j.t.JMeterThread: Thread finished: PushID (ms) - stateless 1-6
2022-12-01 17:14:06,765 INFO o.a.j.t.JMeterThread: Thread is done: PushID (ms) - stateless 1-42
2022-12-01 17:14:06,765 INFO o.a.j.t.JMeterThread: Thread finished: PushID (ms) - stateless 1-42
2022-12-01 17:14:06,858 INFO o.a.j.t.JMeterThread: Thread is done: PushID (ms) - stateless 1-41
2022-12-01 17:14:06,858 INFO o.a.j.t.JMeterThread: Thread finished: PushID (ms) - stateless 1-41
2022-12-01 17:14:06,992 INFO o.a.j.t.JMeterThread: Thread is done: PushID (ms) - stateless 1-45
2022-12-01 17:14:06,992 INFO o.a.j.t.JMeterThread: Thread finished: PushID (ms) - stateless 1-45
2022-12-01 17:14:07,047 INFO o.a.j.t.JMeterThread: Thread is done: PushID (ms) - stateless 1-18
2022-12-01 17:14:07,047 INFO o.a.j.t.JMeterThread: Thread finished: PushID (ms) - stateless 1-18
2022-12-01 17:14:07,103 INFO o.a.j.t.JMeterThread: Thread is done: PushID (ms) - stateless 1-16
2022-12-01 17:14:07,103 INFO o.a.j.t.JMeterThread: Thread finished: PushID (ms) - stateless 1-16
2022-12-01 17:14:07,531 INFO o.a.j.t.JMeterThread: Thread is done: PushID (ms) - stateless 1-1
2022-12-01 17:14:07,531 INFO o.a.j.t.JMeterThread: Thread finished: PushID (ms) - stateless 1-1
2022-12-01 17:14:07,655 INFO o.a.j.t.JMeterThread: Thread is done: PushID (ms) - stateless 1-23
2022-12-01 17:14:07,655 INFO o.a.j.t.JMeterThread: Thread finished: PushID (ms) - stateless 1-23
2022-12-01 17:14:07,810 INFO o.a.j.t.JMeterThread: Thread is done: PushID (ms) - stateless 1-14
2022-12-01 17:14:07,811 INFO o.a.j.t.JMeterThread: Thread finished: PushID (ms) - stateless 1-14
2022-12-01 17:14:07,896 INFO o.a.j.t.JMeterThread: Thread is done: PushID (ms) - stateless 1-49
2022-12-01 17:14:07,896 INFO o.a.j.t.JMeterThread: Thread finished: PushID (ms) - stateless 1-49
2022-12-01 17:14:08,068 INFO o.a.j.t.JMeterThread: Thread is done: PushID (ms) - stateless 1-29
2022-12-01 17:14:08,068 INFO o.a.j.t.JMeterThread: Thread finished: PushID (ms) - stateless 1-29
2022-12-01 17:14:08,127 INFO o.a.j.t.JMeterThread: Thread is done: PushID (ms) - stateless 1-44
2022-12-01 17:14:08,127 INFO o.a.j.t.JMeterThread: Thread finished: PushID (ms) - stateless 1-44
2022-12-01 17:14:08,154 INFO o.a.j.t.JMeterThread: Thread is done: PushID (ms) - stateless 1-46
2022-12-01 17:14:08,154 INFO o.a.j.t.JMeterThread: Thread finished: PushID (ms) - stateless 1-46
2022-12-01 17:14:08,165 INFO o.a.j.t.JMeterThread: Thread is done: PushID (ms) - stateless 1-15
2022-12-01 17:14:08,165 INFO o.a.j.t.JMeterThread: Thread finished: PushID (ms) - stateless 1-15
2022-12-01 17:14:08,256 INFO o.a.j.t.JMeterThread: Thread is done: PushID (ms) - stateless 1-30
2022-12-01 17:14:08,257 INFO o.a.j.t.JMeterThread: Thread finished: PushID (ms) - stateless 1-30
2022-12-01 17:14:08,306 INFO o.a.j.t.JMeterThread: Thread is done: PushID (ms) - stateless 1-24
2022-12-01 17:14:08,306 INFO o.a.j.t.JMeterThread: Thread finished: PushID (ms) - stateless 1-24
2022-12-01 17:14:08,322 INFO o.a.j.t.JMeterThread: Thread is done: PushID (ms) - stateless 1-39
2022-12-01 17:14:08,322 INFO o.a.j.t.JMeterThread: Thread finished: PushID (ms) - stateless 1-39
2022-12-01 17:14:08,409 INFO o.a.j.t.JMeterThread: Thread is done: PushID (ms) - stateless 1-10
2022-12-01 17:14:08,409 INFO o.a.j.t.JMeterThread: Thread finished: PushID (ms) - stateless 1-10
2022-12-01 17:14:08,540 INFO o.a.j.t.JMeterThread: Thread is done: PushID (ms) - stateless 1-27
2022-12-01 17:14:08,540 INFO o.a.j.t.JMeterThread: Thread finished: PushID (ms) - stateless 1-27
2022-12-01 17:14:08,579 INFO o.a.j.t.JMeterThread: Thread is done: PushID (ms) - stateless 1-32
2022-12-01 17:14:08,579 INFO o.a.j.t.JMeterThread: Thread finished: PushID (ms) - stateless 1-32
2022-12-01 17:14:08,584 INFO o.a.j.t.JMeterThread: Thread is done: PushID (ms) - stateless 1-37
2022-12-01 17:14:08,585 INFO o.a.j.t.JMeterThread: Thread finished: PushID (ms) - stateless 1-37
2022-12-01 17:14:08,722 INFO o.a.j.t.JMeterThread: Thread is done: PushID (ms) - stateless 1-21
2022-12-01 17:14:08,722 INFO o.a.j.t.JMeterThread: Thread finished: PushID (ms) - stateless 1-21
2022-12-01 17:14:08,731 INFO o.a.j.t.JMeterThread: Thread is done: PushID (ms) - stateless 1-43
2022-12-01 17:14:08,731 INFO o.a.j.t.JMeterThread: Thread finished: PushID (ms) - stateless 1-43
2022-12-01 17:14:08,795 INFO o.a.j.t.JMeterThread: Thread is done: PushID (ms) - stateless 1-26
2022-12-01 17:14:08,795 INFO o.a.j.t.JMeterThread: Thread finished: PushID (ms) - stateless 1-26
2022-12-01 17:14:08,844 INFO o.a.j.t.JMeterThread: Thread is done: PushID (ms) - stateless 1-11
2022-12-01 17:14:08,844 INFO o.a.j.t.JMeterThread: Thread finished: PushID (ms) - stateless 1-11
2022-12-01 17:14:08,847 INFO o.a.j.t.JMeterThread: Thread is done: PushID (ms) - stateless 1-28
2022-12-01 17:14:08,847 INFO o.a.j.t.JMeterThread: Thread finished: PushID (ms) - stateless 1-28
2022-12-01 17:14:08,864 INFO o.a.j.t.JMeterThread: Thread is done: PushID (ms) - stateless 1-40
2022-12-01 17:14:08,864 INFO o.a.j.t.JMeterThread: Thread finished: PushID (ms) - stateless 1-40
2022-12-01 17:14:08,894 INFO o.a.j.t.JMeterThread: Thread is done: PushID (ms) - stateless 1-19
2022-12-01 17:14:08,894 INFO o.a.j.t.JMeterThread: Thread finished: PushID (ms) - stateless 1-19
2022-12-01 17:14:08,896 INFO o.a.j.t.JMeterThread: Thread is done: PushID (ms) - stateless 1-8
2022-12-01 17:14:08,897 INFO o.a.j.t.JMeterThread: Thread finished: PushID (ms) - stateless 1-8
2022-12-01 17:14:08,937 INFO o.a.j.t.JMeterThread: Thread is done: PushID (ms) - stateless 1-20
2022-12-01 17:14:08,937 INFO o.a.j.t.JMeterThread: Thread finished: PushID (ms) - stateless 1-20
2022-12-01 17:14:08,998 INFO o.a.j.t.JMeterThread: Thread is done: PushID (ms) - stateless 1-13
2022-12-01 17:14:08,998 INFO o.a.j.t.JMeterThread: Thread finished: PushID (ms) - stateless 1-13
2022-12-01 17:14:09,010 INFO o.a.j.t.JMeterThread: Thread is done: PushID (ms) - stateless 1-31
2022-12-01 17:14:09,010 INFO o.a.j.t.JMeterThread: Thread finished: PushID (ms) - stateless 1-31
2022-12-01 17:14:09,024 INFO o.a.j.t.JMeterThread: Thread is done: PushID (ms) - stateless 1-34
2022-12-01 17:14:09,024 INFO o.a.j.t.JMeterThread: Thread finished: PushID (ms) - stateless 1-34
2022-12-01 17:14:09,091 INFO o.a.j.t.JMeterThread: Thread is done: PushID (ms) - stateless 1-3
2022-12-01 17:14:09,091 INFO o.a.j.t.JMeterThread: Thread finished: PushID (ms) - stateless 1-3
2022-12-01 17:14:09,162 INFO o.a.j.t.JMeterThread: Thread is done: PushID (ms) - stateless 1-5
2022-12-01 17:14:09,162 INFO o.a.j.t.JMeterThread: Thread finished: PushID (ms) - stateless 1-5
2022-12-01 17:14:09,224 INFO o.a.j.t.JMeterThread: Thread is done: PushID (ms) - stateless 1-12
2022-12-01 17:14:09,224 INFO o.a.j.t.JMeterThread: Thread finished: PushID (ms) - stateless 1-12
2022-12-01 17:14:09,331 INFO o.a.j.t.JMeterThread: Thread is done: PushID (ms) - stateless 1-50
2022-12-01 17:14:09,331 INFO o.a.j.t.JMeterThread: Thread finished: PushID (ms) - stateless 1-50
2022-12-01 17:14:09,340 INFO o.a.j.t.JMeterThread: Thread is done: PushID (ms) - stateless 1-22
2022-12-01 17:14:09,340 INFO o.a.j.t.JMeterThread: Thread finished: PushID (ms) - stateless 1-22
2022-12-01 17:14:09,378 INFO o.a.j.t.JMeterThread: Thread is done: PushID (ms) - stateless 1-4
2022-12-01 17:14:09,378 INFO o.a.j.t.JMeterThread: Thread finished: PushID (ms) - stateless 1-4
2022-12-01 17:14:09,380 INFO o.a.j.t.JMeterThread: Thread is done: PushID (ms) - stateless 1-36
2022-12-01 17:14:09,380 INFO o.a.j.t.JMeterThread: Thread finished: PushID (ms) - stateless 1-36
2022-12-01 17:14:09,466 INFO o.a.j.t.JMeterThread: Thread is done: PushID (ms) - stateless 1-2
2022-12-01 17:14:09,466 INFO o.a.j.t.JMeterThread: Thread finished: PushID (ms) - stateless 1-2
2022-12-01 17:14:09,468 INFO o.a.j.t.JMeterThread: Thread is done: PushID (ms) - stateless 1-47
2022-12-01 17:14:09,468 INFO o.a.j.t.JMeterThread: Thread finished: PushID (ms) - stateless 1-47
2022-12-01 17:14:09,548 INFO o.a.j.t.JMeterThread: Thread is done: PushID (ms) - stateless 1-9
2022-12-01 17:14:09,548 INFO o.a.j.t.JMeterThread: Thread finished: PushID (ms) - stateless 1-9
2022-12-01 17:14:09,664 INFO o.a.j.t.JMeterThread: Thread is done: PushID (ms) - stateless 1-48
2022-12-01 17:14:09,664 INFO o.a.j.t.JMeterThread: Thread finished: PushID (ms) - stateless 1-48
2022-12-01 17:14:09,791 INFO o.a.j.t.JMeterThread: Thread is done: PushID (ms) - stateless 1-35
2022-12-01 17:14:09,791 INFO o.a.j.t.JMeterThread: Thread finished: PushID (ms) - stateless 1-35
2022-12-01 17:14:09,791 INFO o.a.j.e.StandardJMeterEngine: Notifying test listeners of end of test
2022-12-01 17:14:09,795 INFO o.a.j.g.u.JMeterMenuBar: setRunning(false, *local*)
2022-12-01 17:14:30,868 INFO o.a.j.e.StandardJMeterEngine: Running the test!
2022-12-01 17:14:30,869 INFO o.a.j.s.SampleEvent: List of sample_variables: []
2022-12-01 17:14:30,870 INFO o.a.j.g.u.JMeterMenuBar: setRunning(true, *local*)
2022-12-01 17:14:30,870 INFO o.a.j.e.StandardJMeterEngine: Starting setUp thread groups
2022-12-01 17:14:30,870 INFO o.a.j.e.StandardJMeterEngine: Starting setUp ThreadGroup: 1 : setUp Thread Group 
2022-12-01 17:14:30,870 INFO o.a.j.e.StandardJMeterEngine: Starting 1 threads for group setUp Thread Group.
2022-12-01 17:14:30,870 INFO o.a.j.e.StandardJMeterEngine: Thread will continue on error
2022-12-01 17:14:30,870 INFO o.a.j.t.ThreadGroup: Starting thread group... number=1 threads=1 ramp-up=1 delayedStart=false
2022-12-01 17:14:30,871 INFO o.a.j.t.ThreadGroup: Started thread group number 1
2022-12-01 17:14:30,871 INFO o.a.j.e.StandardJMeterEngine: Waiting for all setup thread groups to exit
2022-12-01 17:14:30,871 INFO o.a.j.t.JMeterThread: Thread started: setUp Thread Group 1-1
2022-12-01 17:14:30,955 INFO o.a.j.t.JMeterThread: Thread is done: setUp Thread Group 1-1
2022-12-01 17:14:30,955 INFO o.a.j.t.JMeterThread: Thread finished: setUp Thread Group 1-1
2022-12-01 17:14:30,956 INFO o.a.j.e.StandardJMeterEngine: All Setup Threads have ended
2022-12-01 17:14:31,121 INFO o.a.j.e.StandardJMeterEngine: Starting ThreadGroup: 1 : PushID (ms) - stateless
2022-12-01 17:14:31,122 INFO o.a.j.e.StandardJMeterEngine: Starting 10 threads for group PushID (ms) - stateless.
2022-12-01 17:14:31,122 INFO o.a.j.e.StandardJMeterEngine: Thread will continue on error
2022-12-01 17:14:31,122 INFO o.a.j.t.ThreadGroup: Starting thread group... number=1 threads=10 ramp-up=1 delayedStart=false
2022-12-01 17:14:31,122 INFO o.a.j.t.JMeterThread: Thread started: PushID (ms) - stateless 1-1
2022-12-01 17:14:31,123 INFO o.a.j.t.ThreadGroup: Started thread group number 1
2022-12-01 17:14:31,123 INFO o.a.j.e.StandardJMeterEngine: Waiting for thread group: PushID (ms) - stateless to finish before starting next group
2022-12-01 17:14:31,227 INFO o.a.j.t.JMeterThread: Thread started: PushID (ms) - stateless 1-2
2022-12-01 17:14:31,325 INFO o.a.j.t.JMeterThread: Thread started: PushID (ms) - stateless 1-3
2022-12-01 17:14:31,427 INFO o.a.j.t.JMeterThread: Thread started: PushID (ms) - stateless 1-4
2022-12-01 17:14:31,528 INFO o.a.j.t.JMeterThread: Thread started: PushID (ms) - stateless 1-5
2022-12-01 17:14:31,626 INFO o.a.j.t.JMeterThread: Thread started: PushID (ms) - stateless 1-6
2022-12-01 17:14:31,727 INFO o.a.j.t.JMeterThread: Thread started: PushID (ms) - stateless 1-7
2022-12-01 17:14:31,826 INFO o.a.j.t.JMeterThread: Thread started: PushID (ms) - stateless 1-8
2022-12-01 17:14:31,925 INFO o.a.j.t.JMeterThread: Thread started: PushID (ms) - stateless 1-9
2022-12-01 17:14:32,026 INFO o.a.j.t.JMeterThread: Thread started: PushID (ms) - stateless 1-10
2022-12-01 17:14:53,683 INFO o.a.j.t.JMeterThread: Thread is done: PushID (ms) - stateless 1-1
2022-12-01 17:14:53,683 INFO o.a.j.t.JMeterThread: Thread finished: PushID (ms) - stateless 1-1
2022-12-01 17:14:53,923 INFO o.a.j.t.JMeterThread: Thread is done: PushID (ms) - stateless 1-2
2022-12-01 17:14:53,923 INFO o.a.j.t.JMeterThread: Thread finished: PushID (ms) - stateless 1-2
2022-12-01 17:14:54,031 INFO o.a.j.t.JMeterThread: Thread is done: PushID (ms) - stateless 1-3
2022-12-01 17:14:54,031 INFO o.a.j.t.JMeterThread: Thread finished: PushID (ms) - stateless 1-3
2022-12-01 17:14:54,237 INFO o.a.j.t.JMeterThread: Thread is done: PushID (ms) - stateless 1-4
2022-12-01 17:14:54,237 INFO o.a.j.t.JMeterThread: Thread finished: PushID (ms) - stateless 1-4
2022-12-01 17:14:54,319 INFO o.a.j.t.JMeterThread: Thread is done: PushID (ms) - stateless 1-5
2022-12-01 17:14:54,319 INFO o.a.j.t.JMeterThread: Thread finished: PushID (ms) - stateless 1-5
2022-12-01 17:14:54,631 INFO o.a.j.t.JMeterThread: Thread is done: PushID (ms) - stateless 1-7
2022-12-01 17:14:54,631 INFO o.a.j.t.JMeterThread: Thread finished: PushID (ms) - stateless 1-7
2022-12-01 17:14:54,679 INFO o.a.j.t.JMeterThread: Thread is done: PushID (ms) - stateless 1-6
2022-12-01 17:14:54,679 INFO o.a.j.t.JMeterThread: Thread finished: PushID (ms) - stateless 1-6
2022-12-01 17:14:54,863 INFO o.a.j.t.JMeterThread: Thread is done: PushID (ms) - stateless 1-8
2022-12-01 17:14:54,863 INFO o.a.j.t.JMeterThread: Thread finished: PushID (ms) - stateless 1-8
2022-12-01 17:14:55,068 INFO o.a.j.t.JMeterThread: Thread is done: PushID (ms) - stateless 1-9
2022-12-01 17:14:55,068 INFO o.a.j.t.JMeterThread: Thread finished: PushID (ms) - stateless 1-9
2022-12-01 17:14:55,088 INFO o.a.j.t.JMeterThread: Thread is done: PushID (ms) - stateless 1-10
2022-12-01 17:14:55,088 INFO o.a.j.t.JMeterThread: Thread finished: PushID (ms) - stateless 1-10
2022-12-01 17:14:55,089 INFO o.a.j.e.StandardJMeterEngine: Starting ThreadGroup: 2 : PushID (mu) - stateless
2022-12-01 17:14:55,089 INFO o.a.j.e.StandardJMeterEngine: Starting 10 threads for group PushID (mu) - stateless.
2022-12-01 17:14:55,089 INFO o.a.j.e.StandardJMeterEngine: Thread will continue on error
2022-12-01 17:14:55,089 INFO o.a.j.t.ThreadGroup: Starting thread group... number=2 threads=10 ramp-up=1 delayedStart=false
2022-12-01 17:14:55,089 INFO o.a.j.t.JMeterThread: Thread started: PushID (mu) - stateless 2-1
2022-12-01 17:14:55,091 INFO o.a.j.t.ThreadGroup: Started thread group number 2
2022-12-01 17:14:55,091 INFO o.a.j.e.StandardJMeterEngine: Waiting for thread group: PushID (mu) - stateless to finish before starting next group
2022-12-01 17:14:55,194 INFO o.a.j.t.JMeterThread: Thread started: PushID (mu) - stateless 2-2
2022-12-01 17:14:55,293 INFO o.a.j.t.JMeterThread: Thread started: PushID (mu) - stateless 2-3
2022-12-01 17:14:55,393 INFO o.a.j.t.JMeterThread: Thread started: PushID (mu) - stateless 2-4
2022-12-01 17:14:55,491 INFO o.a.j.t.JMeterThread: Thread started: PushID (mu) - stateless 2-5
2022-12-01 17:14:55,594 INFO o.a.j.t.JMeterThread: Thread started: PushID (mu) - stateless 2-6
2022-12-01 17:14:55,692 INFO o.a.j.t.JMeterThread: Thread started: PushID (mu) - stateless 2-7
2022-12-01 17:14:55,795 INFO o.a.j.t.JMeterThread: Thread started: PushID (mu) - stateless 2-8
2022-12-01 17:14:55,894 INFO o.a.j.t.JMeterThread: Thread started: PushID (mu) - stateless 2-9
2022-12-01 17:14:55,992 INFO o.a.j.t.JMeterThread: Thread started: PushID (mu) - stateless 2-10
2022-12-01 17:15:24,150 INFO o.a.j.t.JMeterThread: Thread is done: PushID (mu) - stateless 2-1
2022-12-01 17:15:24,151 INFO o.a.j.t.JMeterThread: Thread finished: PushID (mu) - stateless 2-1
2022-12-01 17:15:24,550 INFO o.a.j.t.JMeterThread: Thread is done: PushID (mu) - stateless 2-3
2022-12-01 17:15:24,550 INFO o.a.j.t.JMeterThread: Thread finished: PushID (mu) - stateless 2-3
2022-12-01 17:15:24,603 INFO o.a.j.t.JMeterThread: Thread is done: PushID (mu) - stateless 2-2
2022-12-01 17:15:24,603 INFO o.a.j.t.JMeterThread: Thread finished: PushID (mu) - stateless 2-2
2022-12-01 17:15:24,757 INFO o.a.j.t.JMeterThread: Thread is done: PushID (mu) - stateless 2-5
2022-12-01 17:15:24,757 INFO o.a.j.t.JMeterThread: Thread finished: PushID (mu) - stateless 2-5
2022-12-01 17:15:24,792 INFO o.a.j.t.JMeterThread: Thread is done: PushID (mu) - stateless 2-4
2022-12-01 17:15:24,792 INFO o.a.j.t.JMeterThread: Thread finished: PushID (mu) - stateless 2-4
2022-12-01 17:15:24,849 INFO o.a.j.t.JMeterThread: Thread is done: PushID (mu) - stateless 2-6
2022-12-01 17:15:24,850 INFO o.a.j.t.JMeterThread: Thread finished: PushID (mu) - stateless 2-6
2022-12-01 17:15:25,028 INFO o.a.j.t.JMeterThread: Thread is done: PushID (mu) - stateless 2-7
2022-12-01 17:15:25,029 INFO o.a.j.t.JMeterThread: Thread finished: PushID (mu) - stateless 2-7
2022-12-01 17:15:25,187 INFO o.a.j.t.JMeterThread: Thread is done: PushID (mu) - stateless 2-8
2022-12-01 17:15:25,187 INFO o.a.j.t.JMeterThread: Thread finished: PushID (mu) - stateless 2-8
2022-12-01 17:15:25,197 INFO o.a.j.t.JMeterThread: Thread is done: PushID (mu) - stateless 2-9
2022-12-01 17:15:25,197 INFO o.a.j.t.JMeterThread: Thread finished: PushID (mu) - stateless 2-9
2022-12-01 17:15:25,201 INFO o.a.j.t.JMeterThread: Thread is done: PushID (mu) - stateless 2-10
2022-12-01 17:15:25,201 INFO o.a.j.t.JMeterThread: Thread finished: PushID (mu) - stateless 2-10
2022-12-01 17:15:25,201 INFO o.a.j.e.StandardJMeterEngine: Starting ThreadGroup: 3 : PushID (ms) - stateful
2022-12-01 17:15:25,202 INFO o.a.j.e.StandardJMeterEngine: Starting 10 threads for group PushID (ms) - stateful.
2022-12-01 17:15:25,202 INFO o.a.j.e.StandardJMeterEngine: Thread will continue on error
2022-12-01 17:15:25,202 INFO o.a.j.t.ThreadGroup: Starting thread group... number=3 threads=10 ramp-up=1 delayedStart=false
2022-12-01 17:15:25,202 INFO o.a.j.t.JMeterThread: Thread started: PushID (ms) - stateful 3-1
2022-12-01 17:15:25,204 INFO o.a.j.t.ThreadGroup: Started thread group number 3
2022-12-01 17:15:25,205 INFO o.a.j.e.StandardJMeterEngine: Waiting for thread group: PushID (ms) - stateful to finish before starting next group
2022-12-01 17:15:25,308 INFO o.a.j.t.JMeterThread: Thread started: PushID (ms) - stateful 3-2
2022-12-01 17:15:25,407 INFO o.a.j.t.JMeterThread: Thread started: PushID (ms) - stateful 3-3
2022-12-01 17:15:25,505 INFO o.a.j.t.JMeterThread: Thread started: PushID (ms) - stateful 3-4
2022-12-01 17:15:25,607 INFO o.a.j.t.JMeterThread: Thread started: PushID (ms) - stateful 3-5
2022-12-01 17:15:25,707 INFO o.a.j.t.JMeterThread: Thread started: PushID (ms) - stateful 3-6
2022-12-01 17:15:25,807 INFO o.a.j.t.JMeterThread: Thread started: PushID (ms) - stateful 3-7
2022-12-01 17:15:25,906 INFO o.a.j.t.JMeterThread: Thread started: PushID (ms) - stateful 3-8
2022-12-01 17:15:26,007 INFO o.a.j.t.JMeterThread: Thread started: PushID (ms) - stateful 3-9
2022-12-01 17:15:26,106 INFO o.a.j.t.JMeterThread: Thread started: PushID (ms) - stateful 3-10
2022-12-01 17:16:27,382 INFO o.a.j.g.a.Start: Stopping test
2022-12-01 17:16:27,408 INFO o.a.j.t.JMeterThread: Stopping: PushID (ms) - stateful 3-1
2022-12-01 17:16:27,408 WARN o.a.j.t.JMeterThread: Sampler is not Interruptible: PushID (ms) - stateful
2022-12-01 17:16:27,408 INFO o.a.j.t.JMeterThread: Stopping: PushID (ms) - stateful 3-5
2022-12-01 17:16:27,408 WARN o.a.j.t.JMeterThread: Sampler is not Interruptible: PushID (ms) - stateful
2022-12-01 17:16:27,409 INFO o.a.j.t.JMeterThread: Stopping: PushID (ms) - stateful 3-6
2022-12-01 17:16:27,409 WARN o.a.j.t.JMeterThread: Sampler is not Interruptible: PushID (ms) - stateful
2022-12-01 17:16:27,409 INFO o.a.j.t.JMeterThread: Stopping: PushID (ms) - stateful 3-3
2022-12-01 17:16:27,409 WARN o.a.j.t.JMeterThread: Sampler is not Interruptible: PushID (ms) - stateful
2022-12-01 17:16:27,409 INFO o.a.j.t.JMeterThread: Stopping: PushID (ms) - stateful 3-9
2022-12-01 17:16:27,409 WARN o.a.j.t.JMeterThread: Sampler is not Interruptible: PushID (ms) - stateful
2022-12-01 17:16:27,409 INFO o.a.j.t.JMeterThread: Stopping: PushID (ms) - stateful 3-2
2022-12-01 17:16:27,409 WARN o.a.j.t.JMeterThread: Sampler is not Interruptible: PushID (ms) - stateful
2022-12-01 17:16:27,409 INFO o.a.j.t.JMeterThread: Stopping: PushID (ms) - stateful 3-8
2022-12-01 17:16:27,409 WARN o.a.j.t.JMeterThread: Sampler is not Interruptible: PushID (ms) - stateful
2022-12-01 17:16:27,409 INFO o.a.j.t.JMeterThread: Stopping: PushID (ms) - stateful 3-10
2022-12-01 17:16:27,409 WARN o.a.j.t.JMeterThread: Sampler is not Interruptible: PushID (ms) - stateful
2022-12-01 17:16:27,409 INFO o.a.j.t.JMeterThread: Stopping: PushID (ms) - stateful 3-4
2022-12-01 17:16:27,409 WARN o.a.j.t.JMeterThread: Sampler is not Interruptible: PushID (ms) - stateful
2022-12-01 17:16:27,409 INFO o.a.j.t.JMeterThread: Stopping: PushID (ms) - stateful 3-7
2022-12-01 17:16:27,409 WARN o.a.j.t.JMeterThread: Sampler is not Interruptible: PushID (ms) - stateful
2022-12-01 17:16:27,410 INFO o.a.j.t.JMeterThread: Thread finished: PushID (ms) - stateful 3-10
2022-12-01 17:16:27,411 INFO o.a.j.t.JMeterThread: Thread finished: PushID (ms) - stateful 3-5
2022-12-01 17:16:27,412 INFO o.a.j.t.JMeterThread: Thread finished: PushID (ms) - stateful 3-7
2022-12-01 17:16:27,412 INFO o.a.j.t.JMeterThread: Thread finished: PushID (ms) - stateful 3-3
2022-12-01 17:16:27,414 INFO o.a.j.t.JMeterThread: Thread finished: PushID (ms) - stateful 3-4
2022-12-01 17:16:27,415 INFO o.a.j.t.JMeterThread: Thread finished: PushID (ms) - stateful 3-6
2022-12-01 17:16:27,417 INFO o.a.j.t.JMeterThread: Thread finished: PushID (ms) - stateful 3-9
2022-12-01 17:16:27,418 INFO o.a.j.t.JMeterThread: Thread finished: PushID (ms) - stateful 3-1
2022-12-01 17:16:27,419 INFO o.a.j.t.JMeterThread: Thread finished: PushID (ms) - stateful 3-2
2022-12-01 17:16:27,420 INFO o.a.j.t.JMeterThread: Thread finished: PushID (ms) - stateful 3-8
2022-12-01 17:16:27,420 INFO o.a.j.e.StandardJMeterEngine: Test stopped - no more thread groups will be started
2022-12-01 17:16:27,420 INFO o.a.j.e.StandardJMeterEngine: Notifying test listeners of end of test
2022-12-01 17:16:27,437 INFO o.a.j.g.u.JMeterMenuBar: setRunning(false, *local*)
2022-12-01 17:17:39,367 INFO o.a.j.e.StandardJMeterEngine: Running the test!
2022-12-01 17:17:39,368 INFO o.a.j.s.SampleEvent: List of sample_variables: []
2022-12-01 17:17:39,368 INFO o.a.j.g.u.JMeterMenuBar: setRunning(true, *local*)
2022-12-01 17:17:39,368 INFO o.a.j.e.StandardJMeterEngine: Starting setUp thread groups
2022-12-01 17:17:39,368 INFO o.a.j.e.StandardJMeterEngine: Starting setUp ThreadGroup: 1 : setUp Thread Group 
2022-12-01 17:17:39,368 INFO o.a.j.e.StandardJMeterEngine: Starting 1 threads for group setUp Thread Group.
2022-12-01 17:17:39,368 INFO o.a.j.e.StandardJMeterEngine: Thread will continue on error
2022-12-01 17:17:39,368 INFO o.a.j.t.ThreadGroup: Starting thread group... number=1 threads=1 ramp-up=1 delayedStart=false
2022-12-01 17:17:39,369 INFO o.a.j.t.ThreadGroup: Started thread group number 1
2022-12-01 17:17:39,369 INFO o.a.j.e.StandardJMeterEngine: Waiting for all setup thread groups to exit
2022-12-01 17:17:39,369 INFO o.a.j.t.JMeterThread: Thread started: setUp Thread Group 1-1
2022-12-01 17:17:39,449 INFO o.a.j.t.JMeterThread: Thread is done: setUp Thread Group 1-1
2022-12-01 17:17:39,450 INFO o.a.j.t.JMeterThread: Thread finished: setUp Thread Group 1-1
2022-12-01 17:17:39,450 INFO o.a.j.e.StandardJMeterEngine: All Setup Threads have ended
2022-12-01 17:17:39,589 INFO o.a.j.e.StandardJMeterEngine: Starting ThreadGroup: 1 : PushID (ms) - stateful
2022-12-01 17:17:39,589 INFO o.a.j.e.StandardJMeterEngine: Starting 10 threads for group PushID (ms) - stateful.
2022-12-01 17:17:39,589 INFO o.a.j.e.StandardJMeterEngine: Thread will continue on error
2022-12-01 17:17:39,589 INFO o.a.j.t.ThreadGroup: Starting thread group... number=1 threads=10 ramp-up=1 delayedStart=false
2022-12-01 17:17:39,589 INFO o.a.j.t.JMeterThread: Thread started: PushID (ms) - stateful 1-1
2022-12-01 17:17:39,591 INFO o.a.j.t.ThreadGroup: Started thread group number 1
2022-12-01 17:17:39,591 INFO o.a.j.e.StandardJMeterEngine: All thread groups have been started
2022-12-01 17:17:39,694 INFO o.a.j.t.JMeterThread: Thread started: PushID (ms) - stateful 1-2
2022-12-01 17:17:39,795 INFO o.a.j.t.JMeterThread: Thread started: PushID (ms) - stateful 1-3
2022-12-01 17:17:39,893 INFO o.a.j.t.JMeterThread: Thread started: PushID (ms) - stateful 1-4
2022-12-01 17:17:39,993 INFO o.a.j.t.JMeterThread: Thread started: PushID (ms) - stateful 1-5
2022-12-01 17:17:40,093 INFO o.a.j.t.JMeterThread: Thread started: PushID (ms) - stateful 1-6
2022-12-01 17:17:40,193 INFO o.a.j.t.JMeterThread: Thread started: PushID (ms) - stateful 1-7
2022-12-01 17:17:40,294 INFO o.a.j.t.JMeterThread: Thread started: PushID (ms) - stateful 1-8
2022-12-01 17:17:40,394 INFO o.a.j.t.JMeterThread: Thread started: PushID (ms) - stateful 1-9
2022-12-01 17:17:40,493 INFO o.a.j.t.JMeterThread: Thread started: PushID (ms) - stateful 1-10
2022-12-01 17:17:43,419 INFO o.a.j.t.JMeterThread: Thread is done: PushID (ms) - stateful 1-7
2022-12-01 17:17:43,419 INFO o.a.j.t.JMeterThread: Thread finished: PushID (ms) - stateful 1-7
2022-12-01 17:17:43,419 INFO o.a.j.t.JMeterThread: Thread is done: PushID (ms) - stateful 1-10
2022-12-01 17:17:43,420 INFO o.a.j.t.JMeterThread: Thread finished: PushID (ms) - stateful 1-10
2022-12-01 17:17:43,420 INFO o.a.j.t.JMeterThread: Thread is done: PushID (ms) - stateful 1-4
2022-12-01 17:17:43,420 INFO o.a.j.t.JMeterThread: Thread finished: PushID (ms) - stateful 1-4
2022-12-01 17:17:43,422 INFO o.a.j.t.JMeterThread: Thread is done: PushID (ms) - stateful 1-8
2022-12-01 17:17:43,422 INFO o.a.j.t.JMeterThread: Thread finished: PushID (ms) - stateful 1-8
2022-12-01 17:17:43,423 INFO o.a.j.t.JMeterThread: Thread is done: PushID (ms) - stateful 1-3
2022-12-01 17:17:43,423 INFO o.a.j.t.JMeterThread: Thread finished: PushID (ms) - stateful 1-3
2022-12-01 17:17:43,425 INFO o.a.j.t.JMeterThread: Thread is done: PushID (ms) - stateful 1-2
2022-12-01 17:17:43,425 INFO o.a.j.t.JMeterThread: Thread is done: PushID (ms) - stateful 1-9
2022-12-01 17:17:43,425 INFO o.a.j.t.JMeterThread: Thread finished: PushID (ms) - stateful 1-2
2022-12-01 17:17:43,425 INFO o.a.j.t.JMeterThread: Thread finished: PushID (ms) - stateful 1-9
2022-12-01 17:17:43,425 INFO o.a.j.t.JMeterThread: Thread is done: PushID (ms) - stateful 1-1
2022-12-01 17:17:43,425 INFO o.a.j.t.JMeterThread: Thread finished: PushID (ms) - stateful 1-1
2022-12-01 17:17:43,425 INFO o.a.j.t.JMeterThread: Thread is done: PushID (ms) - stateful 1-5
2022-12-01 17:17:43,425 INFO o.a.j.t.JMeterThread: Thread finished: PushID (ms) - stateful 1-5
2022-12-01 17:17:43,427 INFO o.a.j.t.JMeterThread: Thread is done: PushID (ms) - stateful 1-6
2022-12-01 17:17:43,427 INFO o.a.j.t.JMeterThread: Thread finished: PushID (ms) - stateful 1-6
2022-12-01 17:17:43,427 INFO o.a.j.e.StandardJMeterEngine: Notifying test listeners of end of test
2022-12-01 17:17:43,428 INFO o.a.j.g.u.JMeterMenuBar: setRunning(false, *local*)
2022-12-01 17:17:55,132 INFO o.a.j.e.StandardJMeterEngine: Running the test!
2022-12-01 17:17:55,132 INFO o.a.j.s.SampleEvent: List of sample_variables: []
2022-12-01 17:17:55,132 INFO o.a.j.g.u.JMeterMenuBar: setRunning(true, *local*)
2022-12-01 17:17:55,133 INFO o.a.j.e.StandardJMeterEngine: Starting setUp thread groups
2022-12-01 17:17:55,133 INFO o.a.j.e.StandardJMeterEngine: Starting setUp ThreadGroup: 1 : setUp Thread Group 
2022-12-01 17:17:55,133 INFO o.a.j.e.StandardJMeterEngine: Starting 1 threads for group setUp Thread Group.
2022-12-01 17:17:55,133 INFO o.a.j.e.StandardJMeterEngine: Thread will continue on error
2022-12-01 17:17:55,133 INFO o.a.j.t.ThreadGroup: Starting thread group... number=1 threads=1 ramp-up=1 delayedStart=false
2022-12-01 17:17:55,133 INFO o.a.j.t.ThreadGroup: Started thread group number 1
2022-12-01 17:17:55,133 INFO o.a.j.e.StandardJMeterEngine: Waiting for all setup thread groups to exit
2022-12-01 17:17:55,133 INFO o.a.j.t.JMeterThread: Thread started: setUp Thread Group 1-1
2022-12-01 17:17:55,209 INFO o.a.j.t.JMeterThread: Thread is done: setUp Thread Group 1-1
2022-12-01 17:17:55,209 INFO o.a.j.t.JMeterThread: Thread finished: setUp Thread Group 1-1
2022-12-01 17:17:55,209 INFO o.a.j.e.StandardJMeterEngine: All Setup Threads have ended
2022-12-01 17:17:55,236 INFO o.a.j.e.StandardJMeterEngine: Starting ThreadGroup: 1 : PushID (ms) - stateful
2022-12-01 17:17:55,236 INFO o.a.j.e.StandardJMeterEngine: Starting 10 threads for group PushID (ms) - stateful.
2022-12-01 17:17:55,236 INFO o.a.j.e.StandardJMeterEngine: Thread will continue on error
2022-12-01 17:17:55,236 INFO o.a.j.t.ThreadGroup: Starting thread group... number=1 threads=10 ramp-up=1 delayedStart=false
2022-12-01 17:17:55,236 INFO o.a.j.t.JMeterThread: Thread started: PushID (ms) - stateful 1-1
2022-12-01 17:17:55,237 INFO o.a.j.t.ThreadGroup: Started thread group number 1
2022-12-01 17:17:55,237 INFO o.a.j.e.StandardJMeterEngine: All thread groups have been started
2022-12-01 17:17:55,339 INFO o.a.j.t.JMeterThread: Thread started: PushID (ms) - stateful 1-2
2022-12-01 17:17:55,441 INFO o.a.j.t.JMeterThread: Thread started: PushID (ms) - stateful 1-3
2022-12-01 17:17:55,540 INFO o.a.j.t.JMeterThread: Thread started: PushID (ms) - stateful 1-4
2022-12-01 17:17:55,640 INFO o.a.j.t.JMeterThread: Thread started: PushID (ms) - stateful 1-5
2022-12-01 17:17:55,742 INFO o.a.j.t.JMeterThread: Thread started: PushID (ms) - stateful 1-6
2022-12-01 17:17:55,838 INFO o.a.j.t.JMeterThread: Thread started: PushID (ms) - stateful 1-7
2022-12-01 17:17:55,940 INFO o.a.j.t.JMeterThread: Thread started: PushID (ms) - stateful 1-8
2022-12-01 17:17:56,041 INFO o.a.j.t.JMeterThread: Thread started: PushID (ms) - stateful 1-9
2022-12-01 17:17:56,141 INFO o.a.j.t.JMeterThread: Thread started: PushID (ms) - stateful 1-10
2022-12-01 17:17:59,080 INFO o.a.j.t.JMeterThread: Thread is done: PushID (ms) - stateful 1-7
2022-12-01 17:17:59,080 INFO o.a.j.t.JMeterThread: Thread finished: PushID (ms) - stateful 1-7
2022-12-01 17:17:59,080 INFO o.a.j.t.JMeterThread: Thread is done: PushID (ms) - stateful 1-8
2022-12-01 17:17:59,080 INFO o.a.j.t.JMeterThread: Thread finished: PushID (ms) - stateful 1-8
2022-12-01 17:17:59,081 INFO o.a.j.t.JMeterThread: Thread is done: PushID (ms) - stateful 1-1
2022-12-01 17:17:59,081 INFO o.a.j.t.JMeterThread: Thread finished: PushID (ms) - stateful 1-1
2022-12-01 17:17:59,081 INFO o.a.j.t.JMeterThread: Thread is done: PushID (ms) - stateful 1-5
2022-12-01 17:17:59,081 INFO o.a.j.t.JMeterThread: Thread finished: PushID (ms) - stateful 1-5
2022-12-01 17:17:59,082 INFO o.a.j.t.JMeterThread: Thread is done: PushID (ms) - stateful 1-6
2022-12-01 17:17:59,082 INFO o.a.j.t.JMeterThread: Thread finished: PushID (ms) - stateful 1-6
2022-12-01 17:17:59,084 INFO o.a.j.t.JMeterThread: Thread is done: PushID (ms) - stateful 1-3
2022-12-01 17:17:59,084 INFO o.a.j.t.JMeterThread: Thread finished: PushID (ms) - stateful 1-3
2022-12-01 17:17:59,084 INFO o.a.j.t.JMeterThread: Thread is done: PushID (ms) - stateful 1-9
2022-12-01 17:17:59,084 INFO o.a.j.t.JMeterThread: Thread finished: PushID (ms) - stateful 1-9
2022-12-01 17:17:59,085 INFO o.a.j.t.JMeterThread: Thread is done: PushID (ms) - stateful 1-10
2022-12-01 17:17:59,085 INFO o.a.j.t.JMeterThread: Thread finished: PushID (ms) - stateful 1-10
2022-12-01 17:17:59,087 INFO o.a.j.t.JMeterThread: Thread is done: PushID (ms) - stateful 1-4
2022-12-01 17:17:59,087 INFO o.a.j.t.JMeterThread: Thread finished: PushID (ms) - stateful 1-4
2022-12-01 17:17:59,087 INFO o.a.j.t.JMeterThread: Thread is done: PushID (ms) - stateful 1-2
2022-12-01 17:17:59,087 INFO o.a.j.t.JMeterThread: Thread finished: PushID (ms) - stateful 1-2
2022-12-01 17:17:59,087 INFO o.a.j.e.StandardJMeterEngine: Notifying test listeners of end of test
2022-12-01 17:17:59,088 INFO o.a.j.g.u.JMeterMenuBar: setRunning(false, *local*)
2022-12-01 17:22:45,362 INFO o.a.j.e.StandardJMeterEngine: Running the test!
2022-12-01 17:22:45,363 INFO o.a.j.s.SampleEvent: List of sample_variables: []
2022-12-01 17:22:45,363 INFO o.a.j.g.u.JMeterMenuBar: setRunning(true, *local*)
2022-12-01 17:22:45,363 INFO o.a.j.e.StandardJMeterEngine: Starting setUp thread groups
2022-12-01 17:22:45,363 INFO o.a.j.e.StandardJMeterEngine: Starting setUp ThreadGroup: 1 : setUp Thread Group 
2022-12-01 17:22:45,363 INFO o.a.j.e.StandardJMeterEngine: Starting 1 threads for group setUp Thread Group.
2022-12-01 17:22:45,363 INFO o.a.j.e.StandardJMeterEngine: Thread will continue on error
2022-12-01 17:22:45,363 INFO o.a.j.t.ThreadGroup: Starting thread group... number=1 threads=1 ramp-up=1 delayedStart=false
2022-12-01 17:22:45,364 INFO o.a.j.t.ThreadGroup: Started thread group number 1
2022-12-01 17:22:45,364 INFO o.a.j.e.StandardJMeterEngine: Waiting for all setup thread groups to exit
2022-12-01 17:22:45,364 INFO o.a.j.t.JMeterThread: Thread started: setUp Thread Group 1-1
2022-12-01 17:22:45,437 INFO o.a.j.t.JMeterThread: Thread is done: setUp Thread Group 1-1
2022-12-01 17:22:45,437 INFO o.a.j.t.JMeterThread: Thread finished: setUp Thread Group 1-1
2022-12-01 17:22:45,437 INFO o.a.j.e.StandardJMeterEngine: All Setup Threads have ended
2022-12-01 17:22:45,465 INFO o.a.j.e.StandardJMeterEngine: Starting ThreadGroup: 1 : PushID (ms) - stateful
2022-12-01 17:22:45,465 INFO o.a.j.e.StandardJMeterEngine: Starting 10 threads for group PushID (ms) - stateful.
2022-12-01 17:22:45,465 INFO o.a.j.e.StandardJMeterEngine: Thread will continue on error
2022-12-01 17:22:45,465 INFO o.a.j.t.ThreadGroup: Starting thread group... number=1 threads=10 ramp-up=1 delayedStart=false
2022-12-01 17:22:45,466 INFO o.a.j.t.JMeterThread: Thread started: PushID (ms) - stateful 1-1
2022-12-01 17:22:45,467 INFO o.a.j.t.ThreadGroup: Started thread group number 1
2022-12-01 17:22:45,467 INFO o.a.j.e.StandardJMeterEngine: All thread groups have been started
2022-12-01 17:22:45,568 INFO o.a.j.t.JMeterThread: Thread started: PushID (ms) - stateful 1-2
2022-12-01 17:22:45,670 INFO o.a.j.t.JMeterThread: Thread started: PushID (ms) - stateful 1-3
2022-12-01 17:22:45,770 INFO o.a.j.t.JMeterThread: Thread started: PushID (ms) - stateful 1-4
2022-12-01 17:22:45,869 INFO o.a.j.t.JMeterThread: Thread started: PushID (ms) - stateful 1-5
2022-12-01 17:22:45,970 INFO o.a.j.t.JMeterThread: Thread started: PushID (ms) - stateful 1-6
2022-12-01 17:22:46,070 INFO o.a.j.t.JMeterThread: Thread started: PushID (ms) - stateful 1-7
2022-12-01 17:22:46,169 INFO o.a.j.t.JMeterThread: Thread started: PushID (ms) - stateful 1-8
2022-12-01 17:22:46,270 INFO o.a.j.t.JMeterThread: Thread started: PushID (ms) - stateful 1-9
2022-12-01 17:22:46,370 INFO o.a.j.t.JMeterThread: Thread started: PushID (ms) - stateful 1-10
2022-12-01 17:22:53,756 INFO o.a.j.t.JMeterThread: Thread is done: PushID (ms) - stateful 1-1
2022-12-01 17:22:53,757 INFO o.a.j.t.JMeterThread: Thread finished: PushID (ms) - stateful 1-1
2022-12-01 17:22:54,242 INFO o.a.j.t.JMeterThread: Thread is done: PushID (ms) - stateful 1-2
2022-12-01 17:22:54,242 INFO o.a.j.t.JMeterThread: Thread finished: PushID (ms) - stateful 1-2
2022-12-01 17:22:54,350 INFO o.a.j.t.JMeterThread: Thread is done: PushID (ms) - stateful 1-3
2022-12-01 17:22:54,350 INFO o.a.j.t.JMeterThread: Thread finished: PushID (ms) - stateful 1-3
2022-12-01 17:22:54,394 INFO o.a.j.t.JMeterThread: Thread is done: PushID (ms) - stateful 1-5
2022-12-01 17:22:54,394 INFO o.a.j.t.JMeterThread: Thread finished: PushID (ms) - stateful 1-5
2022-12-01 17:22:54,572 INFO o.a.j.t.JMeterThread: Thread is done: PushID (ms) - stateful 1-4
2022-12-01 17:22:54,572 INFO o.a.j.t.JMeterThread: Thread finished: PushID (ms) - stateful 1-4
2022-12-01 17:22:54,732 INFO o.a.j.t.JMeterThread: Thread is done: PushID (ms) - stateful 1-6
2022-12-01 17:22:54,733 INFO o.a.j.t.JMeterThread: Thread finished: PushID (ms) - stateful 1-6
2022-12-01 17:22:54,840 INFO o.a.j.t.JMeterThread: Thread is done: PushID (ms) - stateful 1-10
2022-12-01 17:22:54,840 INFO o.a.j.t.JMeterThread: Thread finished: PushID (ms) - stateful 1-10
2022-12-01 17:22:54,842 INFO o.a.j.t.JMeterThread: Thread is done: PushID (ms) - stateful 1-8
2022-12-01 17:22:54,842 INFO o.a.j.t.JMeterThread: Thread finished: PushID (ms) - stateful 1-8
2022-12-01 17:22:54,851 INFO o.a.j.t.JMeterThread: Thread is done: PushID (ms) - stateful 1-7
2022-12-01 17:22:54,852 INFO o.a.j.t.JMeterThread: Thread finished: PushID (ms) - stateful 1-7
2022-12-01 17:22:54,903 INFO o.a.j.t.JMeterThread: Thread is done: PushID (ms) - stateful 1-9
2022-12-01 17:22:54,903 INFO o.a.j.t.JMeterThread: Thread finished: PushID (ms) - stateful 1-9
2022-12-01 17:22:54,903 INFO o.a.j.e.StandardJMeterEngine: Notifying test listeners of end of test
2022-12-01 17:22:54,904 INFO o.a.j.g.u.JMeterMenuBar: setRunning(false, *local*)
2022-12-01 17:27:45,778 INFO o.a.j.e.StandardJMeterEngine: Running the test!
2022-12-01 17:27:45,780 INFO o.a.j.s.SampleEvent: List of sample_variables: []
2022-12-01 17:27:45,786 INFO o.a.j.g.u.JMeterMenuBar: setRunning(true, *local*)
2022-12-01 17:27:45,786 INFO o.a.j.e.StandardJMeterEngine: Starting setUp thread groups
2022-12-01 17:27:45,786 INFO o.a.j.e.StandardJMeterEngine: Starting setUp ThreadGroup: 1 : setUp Thread Group 
2022-12-01 17:27:45,786 INFO o.a.j.e.StandardJMeterEngine: Starting 1 threads for group setUp Thread Group.
2022-12-01 17:27:45,786 INFO o.a.j.e.StandardJMeterEngine: Thread will continue on error
2022-12-01 17:27:45,786 INFO o.a.j.t.ThreadGroup: Starting thread group... number=1 threads=1 ramp-up=1 delayedStart=false
2022-12-01 17:27:45,787 INFO o.a.j.t.ThreadGroup: Started thread group number 1
2022-12-01 17:27:45,787 INFO o.a.j.e.StandardJMeterEngine: Waiting for all setup thread groups to exit
2022-12-01 17:27:45,787 INFO o.a.j.t.JMeterThread: Thread started: setUp Thread Group 1-1
2022-12-01 17:27:45,885 INFO o.a.j.t.JMeterThread: Thread is done: setUp Thread Group 1-1
2022-12-01 17:27:45,885 INFO o.a.j.t.JMeterThread: Thread finished: setUp Thread Group 1-1
2022-12-01 17:27:45,885 INFO o.a.j.e.StandardJMeterEngine: All Setup Threads have ended
2022-12-01 17:27:45,957 INFO o.a.j.e.StandardJMeterEngine: Starting ThreadGroup: 1 : PushID (ms) - stateless
2022-12-01 17:27:45,957 INFO o.a.j.e.StandardJMeterEngine: Starting 10 threads for group PushID (ms) - stateless.
2022-12-01 17:27:45,957 INFO o.a.j.e.StandardJMeterEngine: Thread will continue on error
2022-12-01 17:27:45,957 INFO o.a.j.t.ThreadGroup: Starting thread group... number=1 threads=10 ramp-up=1 delayedStart=false
2022-12-01 17:27:45,958 INFO o.a.j.t.JMeterThread: Thread started: PushID (ms) - stateless 1-1
2022-12-01 17:27:45,959 INFO o.a.j.t.ThreadGroup: Started thread group number 1
2022-12-01 17:27:45,959 INFO o.a.j.e.StandardJMeterEngine: Waiting for thread group: PushID (ms) - stateless to finish before starting next group
2022-12-01 17:27:46,060 INFO o.a.j.t.JMeterThread: Thread started: PushID (ms) - stateless 1-2
2022-12-01 17:27:46,160 INFO o.a.j.t.JMeterThread: Thread started: PushID (ms) - stateless 1-3
2022-12-01 17:27:46,262 INFO o.a.j.t.JMeterThread: Thread started: PushID (ms) - stateless 1-4
2022-12-01 17:27:46,362 INFO o.a.j.t.JMeterThread: Thread started: PushID (ms) - stateless 1-5
2022-12-01 17:27:46,460 INFO o.a.j.t.JMeterThread: Thread started: PushID (ms) - stateless 1-6
2022-12-01 17:27:46,560 INFO o.a.j.t.JMeterThread: Thread started: PushID (ms) - stateless 1-7
2022-12-01 17:27:46,662 INFO o.a.j.t.JMeterThread: Thread started: PushID (ms) - stateless 1-8
2022-12-01 17:27:46,761 INFO o.a.j.t.JMeterThread: Thread started: PushID (ms) - stateless 1-9
2022-12-01 17:27:46,858 INFO o.a.j.t.JMeterThread: Thread started: PushID (ms) - stateless 1-10
2022-12-01 17:27:47,733 INFO o.a.j.t.JMeterThread: Thread is done: PushID (ms) - stateless 1-1
2022-12-01 17:27:47,733 INFO o.a.j.t.JMeterThread: Thread finished: PushID (ms) - stateless 1-1
2022-12-01 17:27:47,845 INFO o.a.j.t.JMeterThread: Thread is done: PushID (ms) - stateless 1-2
2022-12-01 17:27:47,845 INFO o.a.j.t.JMeterThread: Thread finished: PushID (ms) - stateless 1-2
2022-12-01 17:27:47,963 INFO o.a.j.t.JMeterThread: Thread is done: PushID (ms) - stateless 1-3
2022-12-01 17:27:47,963 INFO o.a.j.t.JMeterThread: Thread finished: PushID (ms) - stateless 1-3
2022-12-01 17:27:48,038 INFO o.a.j.t.JMeterThread: Thread is done: PushID (ms) - stateless 1-4
2022-12-01 17:27:48,038 INFO o.a.j.t.JMeterThread: Thread finished: PushID (ms) - stateless 1-4
2022-12-01 17:27:48,149 INFO o.a.j.t.JMeterThread: Thread is done: PushID (ms) - stateless 1-5
2022-12-01 17:27:48,149 INFO o.a.j.t.JMeterThread: Thread finished: PushID (ms) - stateless 1-5
2022-12-01 17:27:48,237 INFO o.a.j.t.JMeterThread: Thread is done: PushID (ms) - stateless 1-6
2022-12-01 17:27:48,237 INFO o.a.j.t.JMeterThread: Thread finished: PushID (ms) - stateless 1-6
2022-12-01 17:27:48,300 INFO o.a.j.t.JMeterThread: Thread is done: PushID (ms) - stateless 1-7
2022-12-01 17:27:48,300 INFO o.a.j.t.JMeterThread: Thread finished: PushID (ms) - stateless 1-7
2022-12-01 17:27:48,383 INFO o.a.j.t.JMeterThread: Thread is done: PushID (ms) - stateless 1-8
2022-12-01 17:27:48,383 INFO o.a.j.t.JMeterThread: Thread finished: PushID (ms) - stateless 1-8
2022-12-01 17:27:48,459 INFO o.a.j.t.JMeterThread: Thread is done: PushID (ms) - stateless 1-9
2022-12-01 17:27:48,459 INFO o.a.j.t.JMeterThread: Thread finished: PushID (ms) - stateless 1-9
2022-12-01 17:27:48,532 INFO o.a.j.t.JMeterThread: Thread is done: PushID (ms) - stateless 1-10
2022-12-01 17:27:48,532 INFO o.a.j.t.JMeterThread: Thread finished: PushID (ms) - stateless 1-10
2022-12-01 17:27:48,533 INFO o.a.j.e.StandardJMeterEngine: Starting ThreadGroup: 2 : PushID (mu) - stateless
2022-12-01 17:27:48,533 INFO o.a.j.e.StandardJMeterEngine: Starting 10 threads for group PushID (mu) - stateless.
2022-12-01 17:27:48,533 INFO o.a.j.e.StandardJMeterEngine: Thread will continue on error
2022-12-01 17:27:48,533 INFO o.a.j.t.ThreadGroup: Starting thread group... number=2 threads=10 ramp-up=1 delayedStart=false
2022-12-01 17:27:48,533 INFO o.a.j.t.JMeterThread: Thread started: PushID (mu) - stateless 2-1
2022-12-01 17:27:48,534 INFO o.a.j.t.ThreadGroup: Started thread group number 2
2022-12-01 17:27:48,534 INFO o.a.j.e.StandardJMeterEngine: Waiting for thread group: PushID (mu) - stateless to finish before starting next group
2022-12-01 17:27:48,635 INFO o.a.j.t.JMeterThread: Thread started: PushID (mu) - stateless 2-2
2022-12-01 17:27:48,738 INFO o.a.j.t.JMeterThread: Thread started: PushID (mu) - stateless 2-3
2022-12-01 17:27:48,837 INFO o.a.j.t.JMeterThread: Thread started: PushID (mu) - stateless 2-4
2022-12-01 17:27:48,939 INFO o.a.j.t.JMeterThread: Thread started: PushID (mu) - stateless 2-5
2022-12-01 17:27:49,036 INFO o.a.j.t.JMeterThread: Thread started: PushID (mu) - stateless 2-6
2022-12-01 17:27:49,136 INFO o.a.j.t.JMeterThread: Thread started: PushID (mu) - stateless 2-7
2022-12-01 17:27:49,237 INFO o.a.j.t.JMeterThread: Thread started: PushID (mu) - stateless 2-8
2022-12-01 17:27:49,337 INFO o.a.j.t.JMeterThread: Thread started: PushID (mu) - stateless 2-9
2022-12-01 17:27:49,438 INFO o.a.j.t.JMeterThread: Thread started: PushID (mu) - stateless 2-10
2022-12-01 17:27:50,046 INFO o.a.j.t.JMeterThread: Thread is done: PushID (mu) - stateless 2-1
2022-12-01 17:27:50,046 INFO o.a.j.t.JMeterThread: Thread finished: PushID (mu) - stateless 2-1
2022-12-01 17:27:50,246 INFO o.a.j.t.JMeterThread: Thread is done: PushID (mu) - stateless 2-2
2022-12-01 17:27:50,246 INFO o.a.j.t.JMeterThread: Thread finished: PushID (mu) - stateless 2-2
2022-12-01 17:27:50,469 INFO o.a.j.t.JMeterThread: Thread is done: PushID (mu) - stateless 2-3
2022-12-01 17:27:50,469 INFO o.a.j.t.JMeterThread: Thread finished: PushID (mu) - stateless 2-3
2022-12-01 17:27:50,671 INFO o.a.j.t.JMeterThread: Thread is done: PushID (mu) - stateless 2-4
2022-12-01 17:27:50,671 INFO o.a.j.t.JMeterThread: Thread finished: PushID (mu) - stateless 2-4
2022-12-01 17:27:50,749 INFO o.a.j.t.JMeterThread: Thread is done: PushID (mu) - stateless 2-5
2022-12-01 17:27:50,749 INFO o.a.j.t.JMeterThread: Thread finished: PushID (mu) - stateless 2-5
2022-12-01 17:27:50,859 INFO o.a.j.t.JMeterThread: Thread is done: PushID (mu) - stateless 2-6
2022-12-01 17:27:50,859 INFO o.a.j.t.JMeterThread: Thread finished: PushID (mu) - stateless 2-6
2022-12-01 17:27:50,940 INFO o.a.j.t.JMeterThread: Thread is done: PushID (mu) - stateless 2-7
2022-12-01 17:27:50,940 INFO o.a.j.t.JMeterThread: Thread finished: PushID (mu) - stateless 2-7
2022-12-01 17:27:50,989 INFO o.a.j.t.JMeterThread: Thread is done: PushID (mu) - stateless 2-8
2022-12-01 17:27:50,989 INFO o.a.j.t.JMeterThread: Thread finished: PushID (mu) - stateless 2-8
2022-12-01 17:27:51,020 INFO o.a.j.t.JMeterThread: Thread is done: PushID (mu) - stateless 2-9
2022-12-01 17:27:51,020 INFO o.a.j.t.JMeterThread: Thread finished: PushID (mu) - stateless 2-9
2022-12-01 17:27:51,113 INFO o.a.j.t.JMeterThread: Thread is done: PushID (mu) - stateless 2-10
2022-12-01 17:27:51,113 INFO o.a.j.t.JMeterThread: Thread finished: PushID (mu) - stateless 2-10
2022-12-01 17:27:51,113 INFO o.a.j.e.StandardJMeterEngine: Starting ThreadGroup: 3 : PushID (ms) - stateful
2022-12-01 17:27:51,113 INFO o.a.j.e.StandardJMeterEngine: Starting 10 threads for group PushID (ms) - stateful.
2022-12-01 17:27:51,113 INFO o.a.j.e.StandardJMeterEngine: Thread will continue on error
2022-12-01 17:27:51,113 INFO o.a.j.t.ThreadGroup: Starting thread group... number=3 threads=10 ramp-up=1 delayedStart=false
2022-12-01 17:27:51,113 INFO o.a.j.t.JMeterThread: Thread started: PushID (ms) - stateful 3-1
2022-12-01 17:27:51,114 INFO o.a.j.t.ThreadGroup: Started thread group number 3
2022-12-01 17:27:51,114 INFO o.a.j.e.StandardJMeterEngine: Waiting for thread group: PushID (ms) - stateful to finish before starting next group
2022-12-01 17:27:51,218 INFO o.a.j.t.JMeterThread: Thread started: PushID (ms) - stateful 3-2
2022-12-01 17:27:51,316 INFO o.a.j.t.JMeterThread: Thread started: PushID (ms) - stateful 3-3
2022-12-01 17:27:51,418 INFO o.a.j.t.JMeterThread: Thread started: PushID (ms) - stateful 3-4
2022-12-01 17:27:51,517 INFO o.a.j.t.JMeterThread: Thread started: PushID (ms) - stateful 3-5
2022-12-01 17:27:51,618 INFO o.a.j.t.JMeterThread: Thread started: PushID (ms) - stateful 3-6
2022-12-01 17:27:51,717 INFO o.a.j.t.JMeterThread: Thread started: PushID (ms) - stateful 3-7
2022-12-01 17:27:51,817 INFO o.a.j.t.JMeterThread: Thread started: PushID (ms) - stateful 3-8
2022-12-01 17:27:51,919 INFO o.a.j.t.JMeterThread: Thread started: PushID (ms) - stateful 3-9
2022-12-01 17:27:52,018 INFO o.a.j.t.JMeterThread: Thread started: PushID (ms) - stateful 3-10
2022-12-01 17:27:59,373 INFO o.a.j.t.JMeterThread: Thread is done: PushID (ms) - stateful 3-1
2022-12-01 17:27:59,374 INFO o.a.j.t.JMeterThread: Thread finished: PushID (ms) - stateful 3-1
2022-12-01 17:27:59,884 INFO o.a.j.t.JMeterThread: Thread is done: PushID (ms) - stateful 3-2
2022-12-01 17:27:59,884 INFO o.a.j.t.JMeterThread: Thread finished: PushID (ms) - stateful 3-2
2022-12-01 17:28:00,016 INFO o.a.j.t.JMeterThread: Thread is done: PushID (ms) - stateful 3-3
2022-12-01 17:28:00,016 INFO o.a.j.t.JMeterThread: Thread finished: PushID (ms) - stateful 3-3
2022-12-01 17:28:00,199 INFO o.a.j.t.JMeterThread: Thread is done: PushID (ms) - stateful 3-5
2022-12-01 17:28:00,199 INFO o.a.j.t.JMeterThread: Thread finished: PushID (ms) - stateful 3-5
2022-12-01 17:28:00,422 INFO o.a.j.t.JMeterThread: Thread is done: PushID (ms) - stateful 3-4
2022-12-01 17:28:00,422 INFO o.a.j.t.JMeterThread: Thread finished: PushID (ms) - stateful 3-4
2022-12-01 17:28:00,434 INFO o.a.j.t.JMeterThread: Thread is done: PushID (ms) - stateful 3-6
2022-12-01 17:28:00,435 INFO o.a.j.t.JMeterThread: Thread finished: PushID (ms) - stateful 3-6
2022-12-01 17:28:00,483 INFO o.a.j.t.JMeterThread: Thread is done: PushID (ms) - stateful 3-7
2022-12-01 17:28:00,483 INFO o.a.j.t.JMeterThread: Thread finished: PushID (ms) - stateful 3-7
2022-12-01 17:28:00,593 INFO o.a.j.t.JMeterThread: Thread is done: PushID (ms) - stateful 3-8
2022-12-01 17:28:00,593 INFO o.a.j.t.JMeterThread: Thread finished: PushID (ms) - stateful 3-8
2022-12-01 17:28:00,629 INFO o.a.j.t.JMeterThread: Thread is done: PushID (ms) - stateful 3-9
2022-12-01 17:28:00,629 INFO o.a.j.t.JMeterThread: Thread finished: PushID (ms) - stateful 3-9
2022-12-01 17:28:00,649 INFO o.a.j.t.JMeterThread: Thread is done: PushID (ms) - stateful 3-10
2022-12-01 17:28:00,649 INFO o.a.j.t.JMeterThread: Thread finished: PushID (ms) - stateful 3-10
2022-12-01 17:28:00,649 INFO o.a.j.e.StandardJMeterEngine: Starting ThreadGroup: 4 : PushID (mu) - stateful
2022-12-01 17:28:00,649 INFO o.a.j.e.StandardJMeterEngine: Starting 10 threads for group PushID (mu) - stateful.
2022-12-01 17:28:00,649 INFO o.a.j.e.StandardJMeterEngine: Thread will continue on error
2022-12-01 17:28:00,649 INFO o.a.j.t.ThreadGroup: Starting thread group... number=4 threads=10 ramp-up=1 delayedStart=false
2022-12-01 17:28:00,650 INFO o.a.j.t.JMeterThread: Thread started: PushID (mu) - stateful 4-1
2022-12-01 17:28:00,651 INFO o.a.j.t.ThreadGroup: Started thread group number 4
2022-12-01 17:28:00,651 INFO o.a.j.e.StandardJMeterEngine: All thread groups have been started
2022-12-01 17:28:00,753 INFO o.a.j.t.JMeterThread: Thread started: PushID (mu) - stateful 4-2
2022-12-01 17:28:00,853 INFO o.a.j.t.JMeterThread: Thread started: PushID (mu) - stateful 4-3
2022-12-01 17:28:00,954 INFO o.a.j.t.JMeterThread: Thread started: PushID (mu) - stateful 4-4
2022-12-01 17:28:01,053 INFO o.a.j.t.JMeterThread: Thread started: PushID (mu) - stateful 4-5
2022-12-01 17:28:01,154 INFO o.a.j.t.JMeterThread: Thread started: PushID (mu) - stateful 4-6
2022-12-01 17:28:01,254 INFO o.a.j.t.JMeterThread: Thread started: PushID (mu) - stateful 4-7
2022-12-01 17:28:01,354 INFO o.a.j.t.JMeterThread: Thread started: PushID (mu) - stateful 4-8
2022-12-01 17:28:01,453 INFO o.a.j.t.JMeterThread: Thread started: PushID (mu) - stateful 4-9
2022-12-01 17:28:01,554 INFO o.a.j.t.JMeterThread: Thread started: PushID (mu) - stateful 4-10
2022-12-01 17:28:24,405 INFO o.a.j.g.a.Start: Stopping test
2022-12-01 17:28:24,423 INFO o.a.j.t.JMeterThread: Stopping: PushID (mu) - stateful 4-9
2022-12-01 17:28:24,423 WARN o.a.j.t.JMeterThread: Sampler is not Interruptible: PushID (mu) - stateful
2022-12-01 17:28:24,423 INFO o.a.j.t.JMeterThread: Stopping: PushID (mu) - stateful 4-10
2022-12-01 17:28:24,423 WARN o.a.j.t.JMeterThread: Sampler is not Interruptible: PushID (mu) - stateful
2022-12-01 17:28:24,423 INFO o.a.j.t.JMeterThread: Stopping: PushID (mu) - stateful 4-7
2022-12-01 17:28:24,423 WARN o.a.j.t.JMeterThread: Sampler is not Interruptible: PushID (mu) - stateful
2022-12-01 17:28:24,423 INFO o.a.j.t.JMeterThread: Stopping: PushID (mu) - stateful 4-8
2022-12-01 17:28:24,423 WARN o.a.j.t.JMeterThread: Sampler is not Interruptible: PushID (mu) - stateful
2022-12-01 17:28:24,423 INFO o.a.j.t.JMeterThread: Stopping: PushID (mu) - stateful 4-6
2022-12-01 17:28:24,423 WARN o.a.j.t.JMeterThread: Sampler is not Interruptible: PushID (mu) - stateful
2022-12-01 17:28:24,423 INFO o.a.j.t.JMeterThread: Stopping: PushID (mu) - stateful 4-4
2022-12-01 17:28:24,423 WARN o.a.j.t.JMeterThread: Sampler is not Interruptible: PushID (mu) - stateful
2022-12-01 17:28:24,423 INFO o.a.j.t.JMeterThread: Stopping: PushID (mu) - stateful 4-3
2022-12-01 17:28:24,423 WARN o.a.j.t.JMeterThread: Sampler is not Interruptible: PushID (mu) - stateful
2022-12-01 17:28:24,423 INFO o.a.j.t.JMeterThread: Stopping: PushID (mu) - stateful 4-2
2022-12-01 17:28:24,423 WARN o.a.j.t.JMeterThread: Sampler is not Interruptible: PushID (mu) - stateful
2022-12-01 17:28:24,423 INFO o.a.j.t.JMeterThread: Stopping: PushID (mu) - stateful 4-5
2022-12-01 17:28:24,423 WARN o.a.j.t.JMeterThread: Sampler is not Interruptible: PushID (mu) - stateful
2022-12-01 17:28:24,423 INFO o.a.j.t.JMeterThread: Stopping: PushID (mu) - stateful 4-1
2022-12-01 17:28:24,423 WARN o.a.j.t.JMeterThread: Sampler is not Interruptible: PushID (mu) - stateful
2022-12-01 17:28:24,605 INFO o.a.j.t.JMeterThread: Thread finished: PushID (mu) - stateful 4-6
2022-12-01 17:28:24,605 INFO o.a.j.t.JMeterThread: Thread finished: PushID (mu) - stateful 4-9
2022-12-01 17:28:24,605 INFO o.a.j.t.JMeterThread: Thread finished: PushID (mu) - stateful 4-4
2022-12-01 17:28:25,610 INFO o.a.j.t.JMeterThread: Thread finished: PushID (mu) - stateful 4-2
2022-12-01 17:28:26,648 INFO o.a.j.t.JMeterThread: Thread finished: PushID (mu) - stateful 4-7
2022-12-01 17:28:26,650 INFO o.a.j.t.JMeterThread: Thread finished: PushID (mu) - stateful 4-8
2022-12-01 17:28:26,651 INFO o.a.j.t.JMeterThread: Thread finished: PushID (mu) - stateful 4-3
2022-12-01 17:28:27,650 INFO o.a.j.t.JMeterThread: Thread finished: PushID (mu) - stateful 4-5
2022-12-01 17:28:27,652 INFO o.a.j.t.JMeterThread: Thread finished: PushID (mu) - stateful 4-10
2022-12-01 17:28:27,653 INFO o.a.j.t.JMeterThread: Thread finished: PushID (mu) - stateful 4-1
2022-12-01 17:28:27,653 INFO o.a.j.e.StandardJMeterEngine: Notifying test listeners of end of test
2022-12-01 17:28:27,656 INFO o.a.j.g.u.JMeterMenuBar: setRunning(false, *local*)
2022-12-01 17:28:41,529 INFO o.a.j.e.StandardJMeterEngine: Running the test!
2022-12-01 17:28:41,529 INFO o.a.j.s.SampleEvent: List of sample_variables: []
2022-12-01 17:28:41,529 INFO o.a.j.g.u.JMeterMenuBar: setRunning(true, *local*)
2022-12-01 17:28:41,529 INFO o.a.j.e.StandardJMeterEngine: Starting setUp thread groups
2022-12-01 17:28:41,529 INFO o.a.j.e.StandardJMeterEngine: Starting setUp ThreadGroup: 1 : setUp Thread Group 
2022-12-01 17:28:41,530 INFO o.a.j.e.StandardJMeterEngine: Starting 1 threads for group setUp Thread Group.
2022-12-01 17:28:41,530 INFO o.a.j.e.StandardJMeterEngine: Thread will continue on error
2022-12-01 17:28:41,530 INFO o.a.j.t.ThreadGroup: Starting thread group... number=1 threads=1 ramp-up=1 delayedStart=false
2022-12-01 17:28:41,530 INFO o.a.j.t.ThreadGroup: Started thread group number 1
2022-12-01 17:28:41,530 INFO o.a.j.e.StandardJMeterEngine: Waiting for all setup thread groups to exit
2022-12-01 17:28:41,530 INFO o.a.j.t.JMeterThread: Thread started: setUp Thread Group 1-1
2022-12-01 17:28:41,606 INFO o.a.j.t.JMeterThread: Thread is done: setUp Thread Group 1-1
2022-12-01 17:28:41,606 INFO o.a.j.t.JMeterThread: Thread finished: setUp Thread Group 1-1
2022-12-01 17:28:41,606 INFO o.a.j.e.StandardJMeterEngine: All Setup Threads have ended
2022-12-01 17:28:41,726 INFO o.a.j.e.StandardJMeterEngine: Starting ThreadGroup: 1 : PushID (mu) - stateful
2022-12-01 17:28:41,727 INFO o.a.j.e.StandardJMeterEngine: Starting 10 threads for group PushID (mu) - stateful.
2022-12-01 17:28:41,727 INFO o.a.j.e.StandardJMeterEngine: Thread will continue on error
2022-12-01 17:28:41,727 INFO o.a.j.t.ThreadGroup: Starting thread group... number=1 threads=10 ramp-up=1 delayedStart=false
2022-12-01 17:28:41,727 INFO o.a.j.t.JMeterThread: Thread started: PushID (mu) - stateful 1-1
2022-12-01 17:28:41,728 INFO o.a.j.t.ThreadGroup: Started thread group number 1
2022-12-01 17:28:41,728 INFO o.a.j.e.StandardJMeterEngine: All thread groups have been started
2022-12-01 17:28:41,832 INFO o.a.j.t.JMeterThread: Thread started: PushID (mu) - stateful 1-2
2022-12-01 17:28:41,932 INFO o.a.j.t.JMeterThread: Thread started: PushID (mu) - stateful 1-3
2022-12-01 17:28:42,032 INFO o.a.j.t.JMeterThread: Thread started: PushID (mu) - stateful 1-4
2022-12-01 17:28:42,133 INFO o.a.j.t.JMeterThread: Thread started: PushID (mu) - stateful 1-5
2022-12-01 17:28:42,232 INFO o.a.j.t.JMeterThread: Thread started: PushID (mu) - stateful 1-6
2022-12-01 17:28:42,331 INFO o.a.j.t.JMeterThread: Thread started: PushID (mu) - stateful 1-7
2022-12-01 17:28:42,432 INFO o.a.j.t.JMeterThread: Thread started: PushID (mu) - stateful 1-8
2022-12-01 17:28:42,532 INFO o.a.j.t.JMeterThread: Thread started: PushID (mu) - stateful 1-9
2022-12-01 17:28:42,632 INFO o.a.j.t.JMeterThread: Thread started: PushID (mu) - stateful 1-10
2022-12-01 17:28:50,492 INFO o.a.j.t.JMeterThread: Thread is done: PushID (mu) - stateful 1-1
2022-12-01 17:28:50,492 INFO o.a.j.t.JMeterThread: Thread finished: PushID (mu) - stateful 1-1
2022-12-01 17:28:50,647 INFO o.a.j.t.JMeterThread: Thread is done: PushID (mu) - stateful 1-2
2022-12-01 17:28:50,647 INFO o.a.j.t.JMeterThread: Thread finished: PushID (mu) - stateful 1-2
2022-12-01 17:28:51,004 INFO o.a.j.t.JMeterThread: Thread is done: PushID (mu) - stateful 1-4
2022-12-01 17:28:51,004 INFO o.a.j.t.JMeterThread: Thread finished: PushID (mu) - stateful 1-4
2022-12-01 17:28:51,140 INFO o.a.j.t.JMeterThread: Thread is done: PushID (mu) - stateful 1-3
2022-12-01 17:28:51,140 INFO o.a.j.t.JMeterThread: Thread finished: PushID (mu) - stateful 1-3
2022-12-01 17:28:51,279 INFO o.a.j.t.JMeterThread: Thread is done: PushID (mu) - stateful 1-6
2022-12-01 17:28:51,279 INFO o.a.j.t.JMeterThread: Thread finished: PushID (mu) - stateful 1-6
2022-12-01 17:28:51,307 INFO o.a.j.t.JMeterThread: Thread is done: PushID (mu) - stateful 1-5
2022-12-01 17:28:51,308 INFO o.a.j.t.JMeterThread: Thread finished: PushID (mu) - stateful 1-5
2022-12-01 17:28:51,480 INFO o.a.j.t.JMeterThread: Thread is done: PushID (mu) - stateful 1-9
2022-12-01 17:28:51,480 INFO o.a.j.t.JMeterThread: Thread finished: PushID (mu) - stateful 1-9
2022-12-01 17:28:51,534 INFO o.a.j.t.JMeterThread: Thread is done: PushID (mu) - stateful 1-8
2022-12-01 17:28:51,534 INFO o.a.j.t.JMeterThread: Thread finished: PushID (mu) - stateful 1-8
2022-12-01 17:28:51,557 INFO o.a.j.t.JMeterThread: Thread is done: PushID (mu) - stateful 1-10
2022-12-01 17:28:51,557 INFO o.a.j.t.JMeterThread: Thread finished: PushID (mu) - stateful 1-10
2022-12-01 17:28:51,568 INFO o.a.j.t.JMeterThread: Thread is done: PushID (mu) - stateful 1-7
2022-12-01 17:28:51,568 INFO o.a.j.t.JMeterThread: Thread finished: PushID (mu) - stateful 1-7
2022-12-01 17:28:51,568 INFO o.a.j.e.StandardJMeterEngine: Notifying test listeners of end of test
2022-12-01 17:28:51,569 INFO o.a.j.g.u.JMeterMenuBar: setRunning(false, *local*)
2022-12-01 17:28:58,377 INFO o.a.j.e.StandardJMeterEngine: Running the test!
2022-12-01 17:28:58,377 INFO o.a.j.s.SampleEvent: List of sample_variables: []
2022-12-01 17:28:58,377 INFO o.a.j.g.u.JMeterMenuBar: setRunning(true, *local*)
2022-12-01 17:28:58,378 INFO o.a.j.e.StandardJMeterEngine: Starting setUp thread groups
2022-12-01 17:28:58,378 INFO o.a.j.e.StandardJMeterEngine: Starting setUp ThreadGroup: 1 : setUp Thread Group 
2022-12-01 17:28:58,378 INFO o.a.j.e.StandardJMeterEngine: Starting 1 threads for group setUp Thread Group.
2022-12-01 17:28:58,378 INFO o.a.j.e.StandardJMeterEngine: Thread will continue on error
2022-12-01 17:28:58,378 INFO o.a.j.t.ThreadGroup: Starting thread group... number=1 threads=1 ramp-up=1 delayedStart=false
2022-12-01 17:28:58,378 INFO o.a.j.t.ThreadGroup: Started thread group number 1
2022-12-01 17:28:58,378 INFO o.a.j.e.StandardJMeterEngine: Waiting for all setup thread groups to exit
2022-12-01 17:28:58,378 INFO o.a.j.t.JMeterThread: Thread started: setUp Thread Group 1-1
2022-12-01 17:28:58,460 INFO o.a.j.t.JMeterThread: Thread is done: setUp Thread Group 1-1
2022-12-01 17:28:58,460 INFO o.a.j.t.JMeterThread: Thread finished: setUp Thread Group 1-1
2022-12-01 17:28:58,460 INFO o.a.j.e.StandardJMeterEngine: All Setup Threads have ended
2022-12-01 17:28:58,506 INFO o.a.j.e.StandardJMeterEngine: Starting ThreadGroup: 1 : PushID (ms) - stateful
2022-12-01 17:28:58,506 INFO o.a.j.e.StandardJMeterEngine: Starting 10 threads for group PushID (ms) - stateful.
2022-12-01 17:28:58,506 INFO o.a.j.e.StandardJMeterEngine: Thread will continue on error
2022-12-01 17:28:58,506 INFO o.a.j.t.ThreadGroup: Starting thread group... number=1 threads=10 ramp-up=1 delayedStart=false
2022-12-01 17:28:58,506 INFO o.a.j.t.JMeterThread: Thread started: PushID (ms) - stateful 1-1
2022-12-01 17:28:58,508 INFO o.a.j.t.ThreadGroup: Started thread group number 1
2022-12-01 17:28:58,508 INFO o.a.j.e.StandardJMeterEngine: Waiting for thread group: PushID (ms) - stateful to finish before starting next group
2022-12-01 17:28:58,611 INFO o.a.j.t.JMeterThread: Thread started: PushID (ms) - stateful 1-2
2022-12-01 17:28:58,711 INFO o.a.j.t.JMeterThread: Thread started: PushID (ms) - stateful 1-3
2022-12-01 17:28:58,811 INFO o.a.j.t.JMeterThread: Thread started: PushID (ms) - stateful 1-4
2022-12-01 17:28:58,910 INFO o.a.j.t.JMeterThread: Thread started: PushID (ms) - stateful 1-5
2022-12-01 17:28:59,009 INFO o.a.j.t.JMeterThread: Thread started: PushID (ms) - stateful 1-6
2022-12-01 17:28:59,111 INFO o.a.j.t.JMeterThread: Thread started: PushID (ms) - stateful 1-7
2022-12-01 17:28:59,210 INFO o.a.j.t.JMeterThread: Thread started: PushID (ms) - stateful 1-8
2022-12-01 17:28:59,311 INFO o.a.j.t.JMeterThread: Thread started: PushID (ms) - stateful 1-9
2022-12-01 17:28:59,411 INFO o.a.j.t.JMeterThread: Thread started: PushID (ms) - stateful 1-10
2022-12-01 17:29:07,288 INFO o.a.j.t.JMeterThread: Thread is done: PushID (ms) - stateful 1-2
2022-12-01 17:29:07,288 INFO o.a.j.t.JMeterThread: Thread finished: PushID (ms) - stateful 1-2
2022-12-01 17:29:07,713 INFO o.a.j.t.JMeterThread: Thread is done: PushID (ms) - stateful 1-1
2022-12-01 17:29:07,713 INFO o.a.j.t.JMeterThread: Thread finished: PushID (ms) - stateful 1-1
2022-12-01 17:29:07,915 INFO o.a.j.t.JMeterThread: Thread is done: PushID (ms) - stateful 1-3
2022-12-01 17:29:07,915 INFO o.a.j.t.JMeterThread: Thread finished: PushID (ms) - stateful 1-3
2022-12-01 17:29:08,188 INFO o.a.j.t.JMeterThread: Thread is done: PushID (ms) - stateful 1-4
2022-12-01 17:29:08,188 INFO o.a.j.t.JMeterThread: Thread finished: PushID (ms) - stateful 1-4
2022-12-01 17:29:08,316 INFO o.a.j.t.JMeterThread: Thread is done: PushID (ms) - stateful 1-5
2022-12-01 17:29:08,316 INFO o.a.j.t.JMeterThread: Thread finished: PushID (ms) - stateful 1-5
2022-12-01 17:29:08,556 INFO o.a.j.t.JMeterThread: Thread is done: PushID (ms) - stateful 1-6
2022-12-01 17:29:08,556 INFO o.a.j.t.JMeterThread: Thread finished: PushID (ms) - stateful 1-6
2022-12-01 17:29:08,581 INFO o.a.j.t.JMeterThread: Thread is done: PushID (ms) - stateful 1-7
2022-12-01 17:29:08,581 INFO o.a.j.t.JMeterThread: Thread finished: PushID (ms) - stateful 1-7
2022-12-01 17:29:08,626 INFO o.a.j.t.JMeterThread: Thread is done: PushID (ms) - stateful 1-10
2022-12-01 17:29:08,626 INFO o.a.j.t.JMeterThread: Thread finished: PushID (ms) - stateful 1-10
2022-12-01 17:29:08,681 INFO o.a.j.t.JMeterThread: Thread is done: PushID (ms) - stateful 1-9
2022-12-01 17:29:08,681 INFO o.a.j.t.JMeterThread: Thread finished: PushID (ms) - stateful 1-9
2022-12-01 17:29:08,787 INFO o.a.j.t.JMeterThread: Thread is done: PushID (ms) - stateful 1-8
2022-12-01 17:29:08,787 INFO o.a.j.t.JMeterThread: Thread finished: PushID (ms) - stateful 1-8
2022-12-01 17:29:08,788 INFO o.a.j.e.StandardJMeterEngine: Starting ThreadGroup: 2 : PushID (mu) - stateful
2022-12-01 17:29:08,788 INFO o.a.j.e.StandardJMeterEngine: Starting 10 threads for group PushID (mu) - stateful.
2022-12-01 17:29:08,788 INFO o.a.j.e.StandardJMeterEngine: Thread will continue on error
2022-12-01 17:29:08,788 INFO o.a.j.t.ThreadGroup: Starting thread group... number=2 threads=10 ramp-up=1 delayedStart=false
2022-12-01 17:29:08,788 INFO o.a.j.t.JMeterThread: Thread started: PushID (mu) - stateful 2-1
2022-12-01 17:29:08,789 INFO o.a.j.t.ThreadGroup: Started thread group number 2
2022-12-01 17:29:08,789 INFO o.a.j.e.StandardJMeterEngine: All thread groups have been started
2022-12-01 17:29:08,893 INFO o.a.j.t.JMeterThread: Thread started: PushID (mu) - stateful 2-2
2022-12-01 17:29:08,991 INFO o.a.j.t.JMeterThread: Thread started: PushID (mu) - stateful 2-3
2022-12-01 17:29:09,094 INFO o.a.j.t.JMeterThread: Thread started: PushID (mu) - stateful 2-4
2022-12-01 17:29:09,193 INFO o.a.j.t.JMeterThread: Thread started: PushID (mu) - stateful 2-5
2022-12-01 17:29:09,293 INFO o.a.j.t.JMeterThread: Thread started: PushID (mu) - stateful 2-6
2022-12-01 17:29:09,392 INFO o.a.j.t.JMeterThread: Thread started: PushID (mu) - stateful 2-7
2022-12-01 17:29:09,492 INFO o.a.j.t.JMeterThread: Thread started: PushID (mu) - stateful 2-8
2022-12-01 17:29:09,593 INFO o.a.j.t.JMeterThread: Thread started: PushID (mu) - stateful 2-9
2022-12-01 17:29:09,693 INFO o.a.j.t.JMeterThread: Thread started: PushID (mu) - stateful 2-10
2022-12-01 17:29:31,088 INFO o.a.j.g.a.Start: Stopping test
2022-12-01 17:29:31,107 INFO o.a.j.t.JMeterThread: Stopping: PushID (mu) - stateful 2-2
2022-12-01 17:29:31,107 WARN o.a.j.t.JMeterThread: Sampler is not Interruptible: PushID (mu) - stateful
2022-12-01 17:29:31,107 INFO o.a.j.t.JMeterThread: Stopping: PushID (mu) - stateful 2-9
2022-12-01 17:29:31,107 WARN o.a.j.t.JMeterThread: Sampler is not Interruptible: PushID (mu) - stateful
2022-12-01 17:29:31,107 INFO o.a.j.t.JMeterThread: Stopping: PushID (mu) - stateful 2-10
2022-12-01 17:29:31,107 WARN o.a.j.t.JMeterThread: Sampler is not Interruptible: PushID (mu) - stateful
2022-12-01 17:29:31,107 INFO o.a.j.t.JMeterThread: Stopping: PushID (mu) - stateful 2-1
2022-12-01 17:29:31,107 WARN o.a.j.t.JMeterThread: Sampler is not Interruptible: PushID (mu) - stateful
2022-12-01 17:29:31,107 INFO o.a.j.t.JMeterThread: Stopping: PushID (mu) - stateful 2-4
2022-12-01 17:29:31,107 WARN o.a.j.t.JMeterThread: Sampler is not Interruptible: PushID (mu) - stateful
2022-12-01 17:29:31,107 INFO o.a.j.t.JMeterThread: Stopping: PushID (mu) - stateful 2-8
2022-12-01 17:29:31,107 WARN o.a.j.t.JMeterThread: Sampler is not Interruptible: PushID (mu) - stateful
2022-12-01 17:29:31,107 INFO o.a.j.t.JMeterThread: Stopping: PushID (mu) - stateful 2-6
2022-12-01 17:29:31,107 WARN o.a.j.t.JMeterThread: Sampler is not Interruptible: PushID (mu) - stateful
2022-12-01 17:29:31,107 INFO o.a.j.t.JMeterThread: Stopping: PushID (mu) - stateful 2-7
2022-12-01 17:29:31,107 WARN o.a.j.t.JMeterThread: Sampler is not Interruptible: PushID (mu) - stateful
2022-12-01 17:29:31,107 INFO o.a.j.t.JMeterThread: Stopping: PushID (mu) - stateful 2-3
2022-12-01 17:29:31,107 WARN o.a.j.t.JMeterThread: Sampler is not Interruptible: PushID (mu) - stateful
2022-12-01 17:29:31,107 INFO o.a.j.t.JMeterThread: Stopping: PushID (mu) - stateful 2-5
2022-12-01 17:29:31,107 WARN o.a.j.t.JMeterThread: Sampler is not Interruptible: PushID (mu) - stateful
2022-12-01 17:29:31,575 INFO o.a.j.t.JMeterThread: Thread finished: PushID (mu) - stateful 2-9
2022-12-01 17:29:32,574 INFO o.a.j.t.JMeterThread: Thread finished: PushID (mu) - stateful 2-6
2022-12-01 17:29:33,578 INFO o.a.j.t.JMeterThread: Thread finished: PushID (mu) - stateful 2-2
2022-12-01 17:29:34,582 INFO o.a.j.t.JMeterThread: Thread finished: PushID (mu) - stateful 2-4
2022-12-01 17:29:35,584 INFO o.a.j.t.JMeterThread: Thread finished: PushID (mu) - stateful 2-7
